<?xml version="1.0" encoding="UTF-8"?>
<robot generator="Robot 7.4.2 (Python 3.14.3 on win32)" generated="2026-03-21T05:10:20.826561" rpa="false" schemaversion="5">
<suite id="s1" name="RegisterTestcase" source="C:\Users\Win10\Downloads\EmpeoAutomated\testcase\RegisterTestcase.robot">
<kw name="Open Browser" owner="SeleniumLibrary" type="SETUP">
<msg time="2026-03-21T05:10:20.983886" level="INFO">Opening browser 'chrome' to base url 'https://portal.uat.gofive.co.th/Register/empeo'.</msg>
<arg>${baseUrl}</arg>
<arg>chrome</arg>
<doc>Opens a new browser instance to the optional ``url``.</doc>
<status status="PASS" start="2026-03-21T05:10:20.983630" elapsed="2.388451"/>
</kw>
<test id="s1-t1" name="1.Register Deny with invalid Email" line="12">
<kw name="Go To" owner="SeleniumLibrary" type="SETUP">
<msg time="2026-03-21T05:10:23.373402" level="INFO">Opening url 'https://portal.uat.gofive.co.th/Register/empeo'</msg>
<arg>${baseUrl}</arg>
<doc>Navigates the current browser window to the provided ``url``.</doc>
<status status="PASS" start="2026-03-21T05:10:23.373184" elapsed="0.470036"/>
</kw>
<kw name="When user Register to Empeo platform with ${companyname}, ${companydetail}, ${userdetail}, ${invalidEmail}, ${name}, ${lastname}, ${validphone}, ${validPromo Code}" owner="Registerkeywords" source_name="user Register to Empeo platform with ${companyname}, ${companydetail}, ${userdetail}, ${email}, ${name},${lastname}, ${phone}, ${Promo Code}">
<kw name="Wait until element is ready then click element" owner="CommonKeywords">
<kw name="Wait Until Keyword Succeeds" owner="BuiltIn">
<kw name="Click Element" owner="SeleniumLibrary">
<msg time="2026-03-21T05:10:23.845548" level="INFO">Clicking element 'xpath=//label[contains(text(), 'อื่นๆ')]'.</msg>
<msg time="2026-03-21T05:10:24.995141" level="INFO" html="true">&lt;/td&gt;&lt;/tr&gt;&lt;tr&gt;&lt;td colspan="3"&gt;&lt;a href="selenium-screenshot-1.png"&gt;&lt;img src="selenium-screenshot-1.png" width="800px"&gt;&lt;/a&gt;</msg>
<msg time="2026-03-21T05:10:24.995329" level="FAIL">ElementClickInterceptedException: Message: element click intercepted: Element is not clickable at point (255, 905)
  (Session info: chrome=146.0.7680.154); For documentation on this error, please visit: https://www.selenium.dev/documentation/webdriver/troubleshooting/errors#elementclickinterceptedexception
Stacktrace:
	chromedriver!GetHandleVerifier [0x7ff71f653045+14585]
	chromedriver!GetHandleVerifier [0x7ff71f6530b0+145f0]
	chromedriver!(No symbol) [0x7ff71f3bdb7d]
	chromedriver!(No symbol) [0x7ff71f41f8e5]
	chromedriver!(No symbol) [0x7ff71f41cffa]
	chromedriver!(No symbol) [0x7ff71f419e95]
	chromedriver!(No symbol) [0x7ff71f418d47]
	chromedriver!(No symbol) [0x7ff71f40b8f6]
	chromedriver!(No symbol) [0x7ff71f44069a]
	chromedriver!(No symbol) [0x7ff71f40b176]
	chromedriver!(No symbol) [0x7ff71f4645af]
	chromedriver!(No symbol) [0x7ff71f409a18]
	chromedriver!(No symbol) [0x7ff71f40a8f3]
	chromedriver!GetHandleVerifier [0x7ff71f95ac5d+31c19d]
	chromedriver!GetHandleVerifier [0x7ff71f95536d+3168ad]
	chromedriver!GetHandleVerifier [0x7ff71f977d8a+3392ca]
	chromedriver!GetHandleVerifier [0x7ff71f66f445+30985]
	chromedriver!GetHandleVerifier [0x7ff71f6784dc+39a1c]
	chromedriver!GetHandleVerifier [0x7ff71f65c634+1db74]
	chromedriver!GetHandleVerifier [0x7ff71f65c7e6+1dd26]
	chromedriver!GetHandleVerifier [0x7ff71f641387+28c7]
	KERNEL32!BaseThreadInitThunk [0x7ffc23d4e8d7+17]
	ntdll!RtlUserThreadStart [0x7ffc25aac48c+2c]
</msg>
<arg>${locator}</arg>
<doc>Click the element identified by ``locator``.</doc>
<status status="FAIL" start="2026-03-21T05:10:23.845305" elapsed="1.152151">ElementClickInterceptedException: Message: element click intercepted: Element is not clickable at point (255, 905)
  (Session info: chrome=146.0.7680.154); For documentation on this error, please visit: https://www.selenium.dev/documentation/webdriver/troubleshooting/errors#elementclickinterceptedexception
Stacktrace:
	chromedriver!GetHandleVerifier [0x7ff71f653045+14585]
	chromedriver!GetHandleVerifier [0x7ff71f6530b0+145f0]
	chromedriver!(No symbol) [0x7ff71f3bdb7d]
	chromedriver!(No symbol) [0x7ff71f41f8e5]
	chromedriver!(No symbol) [0x7ff71f41cffa]
	chromedriver!(No symbol) [0x7ff71f419e95]
	chromedriver!(No symbol) [0x7ff71f418d47]
	chromedriver!(No symbol) [0x7ff71f40b8f6]
	chromedriver!(No symbol) [0x7ff71f44069a]
	chromedriver!(No symbol) [0x7ff71f40b176]
	chromedriver!(No symbol) [0x7ff71f4645af]
	chromedriver!(No symbol) [0x7ff71f409a18]
	chromedriver!(No symbol) [0x7ff71f40a8f3]
	chromedriver!GetHandleVerifier [0x7ff71f95ac5d+31c19d]
	chromedriver!GetHandleVerifier [0x7ff71f95536d+3168ad]
	chromedriver!GetHandleVerifier [0x7ff71f977d8a+3392ca]
	chromedriver!GetHandleVerifier [0x7ff71f66f445+30985]
	chromedriver!GetHandleVerifier [0x7ff71f6784dc+39a1c]
	chromedriver!GetHandleVerifier [0x7ff71f65c634+1db74]
	chromedriver!GetHandleVerifier [0x7ff71f65c7e6+1dd26]
	chromedriver!GetHandleVerifier [0x7ff71f641387+28c7]
	KERNEL32!BaseThreadInitThunk [0x7ffc23d4e8d7+17]
	ntdll!RtlUserThreadStart [0x7ffc25aac48c+2c]
</status>
</kw>
<kw name="Click Element" owner="SeleniumLibrary">
<msg time="2026-03-21T05:10:26.998505" level="INFO">Clicking element 'xpath=//label[contains(text(), 'อื่นๆ')]'.</msg>
<arg>${locator}</arg>
<doc>Click the element identified by ``locator``.</doc>
<status status="PASS" start="2026-03-21T05:10:26.998250" elapsed="0.050247"/>
</kw>
<arg>5x</arg>
<arg>2s</arg>
<arg>Click Element</arg>
<arg>${locator}</arg>
<doc>Runs the specified keyword and retries if it fails.</doc>
<status status="PASS" start="2026-03-21T05:10:23.844890" elapsed="3.203717"/>
</kw>
<arg>xpath=//label[contains(text(), 'อื่นๆ')]</arg>
<status status="PASS" start="2026-03-21T05:10:23.844619" elapsed="3.204067"/>
</kw>
<kw name="Wait until element is ready then input text" owner="CommonKeywords">
<kw name="Wait Until Keyword Succeeds" owner="BuiltIn">
<kw name="Input Text" owner="SeleniumLibrary">
<msg time="2026-03-21T05:10:27.050597" level="INFO">Typing text 'TestCompp1' into text field 'xpath=//input[@placeholder="ชื่อบริษัท*"]'.</msg>
<arg>${locator}</arg>
<arg>${text}</arg>
<doc>Types the given ``text`` into the text field identified by ``locator``.</doc>
<status status="PASS" start="2026-03-21T05:10:27.050317" elapsed="0.087726"/>
</kw>
<arg>5x</arg>
<arg>2s</arg>
<arg>Input Text</arg>
<arg>${locator}</arg>
<arg>${text}</arg>
<doc>Runs the specified keyword and retries if it fails.</doc>
<status status="PASS" start="2026-03-21T05:10:27.049458" elapsed="0.088671"/>
</kw>
<arg>xpath=//input[@placeholder="ชื่อบริษัท*"]</arg>
<arg>${companyname}</arg>
<status status="PASS" start="2026-03-21T05:10:27.048859" elapsed="0.089333"/>
</kw>
<kw name="Wait until element is ready then select dropdown" owner="CommonKeywords">
<kw name="Wait Until Keyword Succeeds" owner="BuiltIn">
<kw name="Click Element" owner="SeleniumLibrary">
<msg time="2026-03-21T05:10:27.139064" level="INFO">Clicking element 'xpath=//go5-dropdown-selection[@data-testid="dropdown_selection_registration_company_type"]'.</msg>
<arg>${dropdown_locator}</arg>
<doc>Click the element identified by ``locator``.</doc>
<status status="PASS" start="2026-03-21T05:10:27.138932" elapsed="0.126440"/>
</kw>
<arg>5x</arg>
<arg>2s</arg>
<arg>Click Element</arg>
<arg>${dropdown_locator}</arg>
<doc>Runs the specified keyword and retries if it fails.</doc>
<status status="PASS" start="2026-03-21T05:10:27.138625" elapsed="0.126831"/>
</kw>
<kw name="Set Variable" owner="BuiltIn">
<msg time="2026-03-21T05:10:27.266069" level="INFO">${target_option} = xpath=//*[contains(@class, 'go5-dropdown-item')]//*[normalize-space()='ซอฟต์แวร์ การพัฒนาแอพ']</msg>
<var>${target_option}</var>
<arg>xpath=//*[contains(@class, 'go5-dropdown-item')]//*[normalize-space()='${option_text}']</arg>
<doc>Returns the given values which can then be assigned to a variables.</doc>
<status status="PASS" start="2026-03-21T05:10:27.265636" elapsed="0.000463"/>
</kw>
<kw name="Wait Until Element Is Visible" owner="SeleniumLibrary">
<arg>${target_option}</arg>
<arg>timeout=5s</arg>
<doc>Waits until the element ``locator`` is visible.</doc>
<status status="PASS" start="2026-03-21T05:10:27.266227" elapsed="0.225898"/>
</kw>
<kw name="Wait Until Keyword Succeeds" owner="BuiltIn">
<kw name="Click Element" owner="SeleniumLibrary">
<msg time="2026-03-21T05:10:27.492755" level="INFO">Clicking element 'xpath=//*[contains(@class, 'go5-dropdown-item')]//*[normalize-space()='ซอฟต์แวร์ การพัฒนาแอพ']'.</msg>
<arg>${target_option}</arg>
<doc>Click the element identified by ``locator``.</doc>
<status status="PASS" start="2026-03-21T05:10:27.492614" elapsed="0.046811"/>
</kw>
<arg>5x</arg>
<arg>2s</arg>
<arg>Click Element</arg>
<arg>${target_option}</arg>
<doc>Runs the specified keyword and retries if it fails.</doc>
<status status="PASS" start="2026-03-21T05:10:27.492284" elapsed="0.047223"/>
</kw>
<arg>xpath=//go5-dropdown-selection[@data-testid="dropdown_selection_registration_company_type"]</arg>
<arg>${companydetail}</arg>
<status status="PASS" start="2026-03-21T05:10:27.138352" elapsed="0.401210"/>
</kw>
<kw name="Wait until element is ready then select dropdown" owner="CommonKeywords">
<kw name="Wait Until Keyword Succeeds" owner="BuiltIn">
<kw name="Click Element" owner="SeleniumLibrary">
<msg time="2026-03-21T05:10:27.540587" level="INFO">Clicking element 'xpath=//go5-dropdown-selection[@data-testid="dropdown_selection_registration_user_amount"]'.</msg>
<arg>${dropdown_locator}</arg>
<doc>Click the element identified by ``locator``.</doc>
<status status="PASS" start="2026-03-21T05:10:27.540444" elapsed="0.046252"/>
</kw>
<arg>5x</arg>
<arg>2s</arg>
<arg>Click Element</arg>
<arg>${dropdown_locator}</arg>
<doc>Runs the specified keyword and retries if it fails.</doc>
<status status="PASS" start="2026-03-21T05:10:27.540106" elapsed="0.046680"/>
</kw>
<kw name="Set Variable" owner="BuiltIn">
<msg time="2026-03-21T05:10:27.587252" level="INFO">${target_option} = xpath=//*[contains(@class, 'go5-dropdown-item')]//*[normalize-space()='101-200']</msg>
<var>${target_option}</var>
<arg>xpath=//*[contains(@class, 'go5-dropdown-item')]//*[normalize-space()='${option_text}']</arg>
<doc>Returns the given values which can then be assigned to a variables.</doc>
<status status="PASS" start="2026-03-21T05:10:27.586919" elapsed="0.000359"/>
</kw>
<kw name="Wait Until Element Is Visible" owner="SeleniumLibrary">
<arg>${target_option}</arg>
<arg>timeout=5s</arg>
<doc>Waits until the element ``locator`` is visible.</doc>
<status status="PASS" start="2026-03-21T05:10:27.587402" elapsed="0.221820"/>
</kw>
<kw name="Wait Until Keyword Succeeds" owner="BuiltIn">
<kw name="Click Element" owner="SeleniumLibrary">
<msg time="2026-03-21T05:10:27.810173" level="INFO">Clicking element 'xpath=//*[contains(@class, 'go5-dropdown-item')]//*[normalize-space()='101-200']'.</msg>
<arg>${target_option}</arg>
<doc>Click the element identified by ``locator``.</doc>
<status status="PASS" start="2026-03-21T05:10:27.810028" elapsed="0.044564"/>
</kw>
<arg>5x</arg>
<arg>2s</arg>
<arg>Click Element</arg>
<arg>${target_option}</arg>
<doc>Runs the specified keyword and retries if it fails.</doc>
<status status="PASS" start="2026-03-21T05:10:27.809666" elapsed="0.045231"/>
</kw>
<arg>xpath=//go5-dropdown-selection[@data-testid="dropdown_selection_registration_user_amount"]</arg>
<arg>${userdetail}</arg>
<status status="PASS" start="2026-03-21T05:10:27.539779" elapsed="0.315187"/>
</kw>
<kw name="Wait until element is ready then input text" owner="CommonKeywords">
<kw name="Wait Until Keyword Succeeds" owner="BuiltIn">
<kw name="Input Text" owner="SeleniumLibrary">
<msg time="2026-03-21T05:10:27.856309" level="INFO">Typing text 'sdasdasda212312' into text field 'xpath=//input[@placeholder="อีเมล*"]'.</msg>
<arg>${locator}</arg>
<arg>${text}</arg>
<doc>Types the given ``text`` into the text field identified by ``locator``.</doc>
<status status="PASS" start="2026-03-21T05:10:27.856027" elapsed="0.052611"/>
</kw>
<arg>5x</arg>
<arg>2s</arg>
<arg>Input Text</arg>
<arg>${locator}</arg>
<arg>${text}</arg>
<doc>Runs the specified keyword and retries if it fails.</doc>
<status status="PASS" start="2026-03-21T05:10:27.855386" elapsed="0.053338"/>
</kw>
<arg>xpath=//input[@placeholder="อีเมล*"]</arg>
<arg>${email}</arg>
<status status="PASS" start="2026-03-21T05:10:27.855125" elapsed="0.053656"/>
</kw>
<kw name="Wait until element is ready then input text" owner="CommonKeywords">
<kw name="Wait Until Keyword Succeeds" owner="BuiltIn">
<kw name="Input Text" owner="SeleniumLibrary">
<msg time="2026-03-21T05:10:27.909698" level="INFO">Typing text 'Teeradech' into text field 'xpath=//input[@placeholder="ชื่อ*"]'.</msg>
<arg>${locator}</arg>
<arg>${text}</arg>
<doc>Types the given ``text`` into the text field identified by ``locator``.</doc>
<status status="PASS" start="2026-03-21T05:10:27.909545" elapsed="0.046615"/>
</kw>
<arg>5x</arg>
<arg>2s</arg>
<arg>Input Text</arg>
<arg>${locator}</arg>
<arg>${text}</arg>
<doc>Runs the specified keyword and retries if it fails.</doc>
<status status="PASS" start="2026-03-21T05:10:27.909200" elapsed="0.047045"/>
</kw>
<arg>xpath=//input[@placeholder="ชื่อ*"]</arg>
<arg>${name}</arg>
<status status="PASS" start="2026-03-21T05:10:27.908927" elapsed="0.047372"/>
</kw>
<kw name="Wait until element is ready then input text" owner="CommonKeywords">
<kw name="Wait Until Keyword Succeeds" owner="BuiltIn">
<kw name="Input Text" owner="SeleniumLibrary">
<msg time="2026-03-21T05:10:27.957341" level="INFO">Typing text ' Charoenpol' into text field 'xpath=//input[@placeholder="นามสกุล*"]'.</msg>
<arg>${locator}</arg>
<arg>${text}</arg>
<doc>Types the given ``text`` into the text field identified by ``locator``.</doc>
<status status="PASS" start="2026-03-21T05:10:27.957190" elapsed="0.053953"/>
</kw>
<arg>5x</arg>
<arg>2s</arg>
<arg>Input Text</arg>
<arg>${locator}</arg>
<arg>${text}</arg>
<doc>Runs the specified keyword and retries if it fails.</doc>
<status status="PASS" start="2026-03-21T05:10:27.956786" elapsed="0.054440"/>
</kw>
<arg>xpath=//input[@placeholder="นามสกุล*"]</arg>
<arg>${lastName}</arg>
<status status="PASS" start="2026-03-21T05:10:27.956442" elapsed="0.054847"/>
</kw>
<kw name="Wait until element is ready then input text" owner="CommonKeywords">
<kw name="Wait Until Keyword Succeeds" owner="BuiltIn">
<kw name="Input Text" owner="SeleniumLibrary">
<msg time="2026-03-21T05:10:28.012199" level="INFO">Typing text '0967690708' into text field 'xpath=//input[@placeholder="เบอร์มือถือ*"]'.</msg>
<arg>${locator}</arg>
<arg>${text}</arg>
<doc>Types the given ``text`` into the text field identified by ``locator``.</doc>
<status status="PASS" start="2026-03-21T05:10:28.012038" elapsed="0.062154"/>
</kw>
<arg>5x</arg>
<arg>2s</arg>
<arg>Input Text</arg>
<arg>${locator}</arg>
<arg>${text}</arg>
<doc>Runs the specified keyword and retries if it fails.</doc>
<status status="PASS" start="2026-03-21T05:10:28.011714" elapsed="0.062629"/>
</kw>
<arg>xpath=//input[@placeholder="เบอร์มือถือ*"]</arg>
<arg>${phone}</arg>
<status status="PASS" start="2026-03-21T05:10:28.011443" elapsed="0.063000"/>
</kw>
<kw name="Wait until element is ready then click element" owner="CommonKeywords">
<kw name="Wait Until Keyword Succeeds" owner="BuiltIn">
<kw name="Click Element" owner="SeleniumLibrary">
<msg time="2026-03-21T05:10:28.075773" level="INFO">Clicking element 'xpath=//span[contains(text(), 'ใช้โค้ดส่วนลด')]'.</msg>
<arg>${locator}</arg>
<doc>Click the element identified by ``locator``.</doc>
<status status="PASS" start="2026-03-21T05:10:28.075579" elapsed="0.045571"/>
</kw>
<arg>5x</arg>
<arg>2s</arg>
<arg>Click Element</arg>
<arg>${locator}</arg>
<doc>Runs the specified keyword and retries if it fails.</doc>
<status status="PASS" start="2026-03-21T05:10:28.075044" elapsed="0.046228"/>
</kw>
<arg>xpath=//span[contains(text(), 'ใช้โค้ดส่วนลด')]</arg>
<status status="PASS" start="2026-03-21T05:10:28.074660" elapsed="0.046728"/>
</kw>
<kw name="Wait until element is ready then input text" owner="CommonKeywords">
<kw name="Wait Until Keyword Succeeds" owner="BuiltIn">
<kw name="Input Text" owner="SeleniumLibrary">
<msg time="2026-03-21T05:10:28.122389" level="INFO">Typing text 'FREE15DAY' into text field 'xpath=//input[@placeholder="รหัสส่วนลด"]'.</msg>
<arg>${locator}</arg>
<arg>${text}</arg>
<doc>Types the given ``text`` into the text field identified by ``locator``.</doc>
<status status="PASS" start="2026-03-21T05:10:28.122233" elapsed="0.046648"/>
</kw>
<arg>5x</arg>
<arg>2s</arg>
<arg>Input Text</arg>
<arg>${locator}</arg>
<arg>${text}</arg>
<doc>Runs the specified keyword and retries if it fails.</doc>
<status status="PASS" start="2026-03-21T05:10:28.121935" elapsed="0.047030"/>
</kw>
<arg>xpath=//input[@placeholder="รหัสส่วนลด"]</arg>
<arg>${Promo Code}</arg>
<status status="PASS" start="2026-03-21T05:10:28.121590" elapsed="0.047430"/>
</kw>
<kw name="Wait until element is ready then click element" owner="CommonKeywords">
<kw name="Wait Until Keyword Succeeds" owner="BuiltIn">
<kw name="Click Element" owner="SeleniumLibrary">
<msg time="2026-03-21T05:10:28.169848" level="INFO">Clicking element 'xpath=//input[@data-testid="input_checkbox_registration_checkbox"]'.</msg>
<arg>${locator}</arg>
<doc>Click the element identified by ``locator``.</doc>
<status status="PASS" start="2026-03-21T05:10:28.169691" elapsed="0.042415"/>
</kw>
<arg>5x</arg>
<arg>2s</arg>
<arg>Click Element</arg>
<arg>${locator}</arg>
<doc>Runs the specified keyword and retries if it fails.</doc>
<status status="PASS" start="2026-03-21T05:10:28.169395" elapsed="0.042828"/>
</kw>
<arg>xpath=//input[@data-testid="input_checkbox_registration_checkbox"]</arg>
<status status="PASS" start="2026-03-21T05:10:28.169166" elapsed="0.043118"/>
</kw>
<kw name="Wait until element is ready then click element" owner="CommonKeywords">
<kw name="Wait Until Keyword Succeeds" owner="BuiltIn">
<kw name="Click Element" owner="SeleniumLibrary">
<msg time="2026-03-21T05:10:28.213072" level="INFO">Clicking element 'xpath=//button[@data-testid="button_submit_registration_try_for_free"]'.</msg>
<arg>${locator}</arg>
<doc>Click the element identified by ``locator``.</doc>
<status status="PASS" start="2026-03-21T05:10:28.212942" elapsed="0.042604"/>
</kw>
<arg>5x</arg>
<arg>2s</arg>
<arg>Click Element</arg>
<arg>${locator}</arg>
<doc>Runs the specified keyword and retries if it fails.</doc>
<status status="PASS" start="2026-03-21T05:10:28.212653" elapsed="0.042973"/>
</kw>
<arg>xpath=//button[@data-testid="button_submit_registration_try_for_free"]</arg>
<status status="PASS" start="2026-03-21T05:10:28.212428" elapsed="0.043251"/>
</kw>
<status status="PASS" start="2026-03-21T05:10:23.843962" elapsed="4.411751"/>
</kw>
<kw name="Then Website should be display notify as &quot;กรุณาใส่อีเมลที่ถูกต้อง&quot;" owner="Registerkeywords" source_name="Website should be display notify as &quot;${expexted_message}&quot;">
<kw name="Wait until page contains element then verify text" owner="CommonKeywords">
<kw name="Wait Until Keyword Succeeds" owner="BuiltIn">
<kw name="Page Should Contain" owner="SeleniumLibrary">
<msg time="2026-03-21T05:10:28.265968" level="INFO">Current page contains text 'กรุณาใส่อีเมลที่ถูกต้อง'.</msg>
<arg>${expexted_message}</arg>
<doc>Verifies that current page contains ``text``.</doc>
<status status="PASS" start="2026-03-21T05:10:28.256743" elapsed="0.009308"/>
</kw>
<arg>5x</arg>
<arg>2s</arg>
<arg>Page Should Contain</arg>
<arg>${expexted_message}</arg>
<doc>Runs the specified keyword and retries if it fails.</doc>
<status status="PASS" start="2026-03-21T05:10:28.256459" elapsed="0.009656"/>
</kw>
<arg>${expexted_message}</arg>
<status status="PASS" start="2026-03-21T05:10:28.256263" elapsed="0.009904"/>
</kw>
<status status="PASS" start="2026-03-21T05:10:28.256000" elapsed="0.010202"/>
</kw>
<doc>ตรวจสอบการกรอกอีเมลผิดรูปแบบ</doc>
<status status="PASS" start="2026-03-21T05:10:23.372277" elapsed="4.894146"/>
</test>
<test id="s1-t2" name="2.Register Deny with invalid name-lastname" line="20">
<kw name="Go To" owner="SeleniumLibrary" type="SETUP">
<msg time="2026-03-21T05:10:28.267535" level="INFO">Opening url 'https://portal.uat.gofive.co.th/Register/empeo'</msg>
<arg>${baseUrl}</arg>
<doc>Navigates the current browser window to the provided ``url``.</doc>
<status status="PASS" start="2026-03-21T05:10:28.267411" elapsed="0.580852"/>
</kw>
<kw name="When user Register to Empeo platform with ${companyname}, ${companydetail}, ${userdetail}, ${email}, ${invalidname}, ${lastname}, ${validphone}, ${validPromo Code}" owner="Registerkeywords" source_name="user Register to Empeo platform with ${companyname}, ${companydetail}, ${userdetail}, ${email}, ${name},${lastname}, ${phone}, ${Promo Code}">
<kw name="Wait until element is ready then click element" owner="CommonKeywords">
<kw name="Wait Until Keyword Succeeds" owner="BuiltIn">
<kw name="Click Element" owner="SeleniumLibrary">
<msg time="2026-03-21T05:10:28.850487" level="INFO">Clicking element 'xpath=//label[contains(text(), 'อื่นๆ')]'.</msg>
<msg time="2026-03-21T05:10:30.005396" level="INFO" html="true">&lt;/td&gt;&lt;/tr&gt;&lt;tr&gt;&lt;td colspan="3"&gt;&lt;a href="selenium-screenshot-2.png"&gt;&lt;img src="selenium-screenshot-2.png" width="800px"&gt;&lt;/a&gt;</msg>
<msg time="2026-03-21T05:10:30.005547" level="FAIL">ElementClickInterceptedException: Message: element click intercepted: Element is not clickable at point (256, 905)
  (Session info: chrome=146.0.7680.154); For documentation on this error, please visit: https://www.selenium.dev/documentation/webdriver/troubleshooting/errors#elementclickinterceptedexception
Stacktrace:
	chromedriver!GetHandleVerifier [0x7ff71f653045+14585]
	chromedriver!GetHandleVerifier [0x7ff71f6530b0+145f0]
	chromedriver!(No symbol) [0x7ff71f3bdb7d]
	chromedriver!(No symbol) [0x7ff71f41f8e5]
	chromedriver!(No symbol) [0x7ff71f41cffa]
	chromedriver!(No symbol) [0x7ff71f419e95]
	chromedriver!(No symbol) [0x7ff71f418d47]
	chromedriver!(No symbol) [0x7ff71f40b8f6]
	chromedriver!(No symbol) [0x7ff71f44069a]
	chromedriver!(No symbol) [0x7ff71f40b176]
	chromedriver!(No symbol) [0x7ff71f4645af]
	chromedriver!(No symbol) [0x7ff71f409a18]
	chromedriver!(No symbol) [0x7ff71f40a8f3]
	chromedriver!GetHandleVerifier [0x7ff71f95ac5d+31c19d]
	chromedriver!GetHandleVerifier [0x7ff71f95536d+3168ad]
	chromedriver!GetHandleVerifier [0x7ff71f977d8a+3392ca]
	chromedriver!GetHandleVerifier [0x7ff71f66f445+30985]
	chromedriver!GetHandleVerifier [0x7ff71f6784dc+39a1c]
	chromedriver!GetHandleVerifier [0x7ff71f65c634+1db74]
	chromedriver!GetHandleVerifier [0x7ff71f65c7e6+1dd26]
	chromedriver!GetHandleVerifier [0x7ff71f641387+28c7]
	KERNEL32!BaseThreadInitThunk [0x7ffc23d4e8d7+17]
	ntdll!RtlUserThreadStart [0x7ffc25aac48c+2c]
</msg>
<arg>${locator}</arg>
<doc>Click the element identified by ``locator``.</doc>
<status status="FAIL" start="2026-03-21T05:10:28.850303" elapsed="1.156047">ElementClickInterceptedException: Message: element click intercepted: Element is not clickable at point (256, 905)
  (Session info: chrome=146.0.7680.154); For documentation on this error, please visit: https://www.selenium.dev/documentation/webdriver/troubleshooting/errors#elementclickinterceptedexception
Stacktrace:
	chromedriver!GetHandleVerifier [0x7ff71f653045+14585]
	chromedriver!GetHandleVerifier [0x7ff71f6530b0+145f0]
	chromedriver!(No symbol) [0x7ff71f3bdb7d]
	chromedriver!(No symbol) [0x7ff71f41f8e5]
	chromedriver!(No symbol) [0x7ff71f41cffa]
	chromedriver!(No symbol) [0x7ff71f419e95]
	chromedriver!(No symbol) [0x7ff71f418d47]
	chromedriver!(No symbol) [0x7ff71f40b8f6]
	chromedriver!(No symbol) [0x7ff71f44069a]
	chromedriver!(No symbol) [0x7ff71f40b176]
	chromedriver!(No symbol) [0x7ff71f4645af]
	chromedriver!(No symbol) [0x7ff71f409a18]
	chromedriver!(No symbol) [0x7ff71f40a8f3]
	chromedriver!GetHandleVerifier [0x7ff71f95ac5d+31c19d]
	chromedriver!GetHandleVerifier [0x7ff71f95536d+3168ad]
	chromedriver!GetHandleVerifier [0x7ff71f977d8a+3392ca]
	chromedriver!GetHandleVerifier [0x7ff71f66f445+30985]
	chromedriver!GetHandleVerifier [0x7ff71f6784dc+39a1c]
	chromedriver!GetHandleVerifier [0x7ff71f65c634+1db74]
	chromedriver!GetHandleVerifier [0x7ff71f65c7e6+1dd26]
	chromedriver!GetHandleVerifier [0x7ff71f641387+28c7]
	KERNEL32!BaseThreadInitThunk [0x7ffc23d4e8d7+17]
	ntdll!RtlUserThreadStart [0x7ffc25aac48c+2c]
</status>
</kw>
<kw name="Click Element" owner="SeleniumLibrary">
<msg time="2026-03-21T05:10:32.007813" level="INFO">Clicking element 'xpath=//label[contains(text(), 'อื่นๆ')]'.</msg>
<arg>${locator}</arg>
<doc>Click the element identified by ``locator``.</doc>
<status status="PASS" start="2026-03-21T05:10:32.006923" elapsed="0.077865"/>
</kw>
<arg>5x</arg>
<arg>2s</arg>
<arg>Click Element</arg>
<arg>${locator}</arg>
<doc>Runs the specified keyword and retries if it fails.</doc>
<status status="PASS" start="2026-03-21T05:10:28.849835" elapsed="3.235097"/>
</kw>
<arg>xpath=//label[contains(text(), 'อื่นๆ')]</arg>
<status status="PASS" start="2026-03-21T05:10:28.849611" elapsed="3.235415"/>
</kw>
<kw name="Wait until element is ready then input text" owner="CommonKeywords">
<kw name="Wait Until Keyword Succeeds" owner="BuiltIn">
<kw name="Input Text" owner="SeleniumLibrary">
<msg time="2026-03-21T05:10:32.086065" level="INFO">Typing text 'TestCompp1' into text field 'xpath=//input[@placeholder="ชื่อบริษัท*"]'.</msg>
<arg>${locator}</arg>
<arg>${text}</arg>
<doc>Types the given ``text`` into the text field identified by ``locator``.</doc>
<status status="PASS" start="2026-03-21T05:10:32.085911" elapsed="0.103436"/>
</kw>
<arg>5x</arg>
<arg>2s</arg>
<arg>Input Text</arg>
<arg>${locator}</arg>
<arg>${text}</arg>
<doc>Runs the specified keyword and retries if it fails.</doc>
<status status="PASS" start="2026-03-21T05:10:32.085574" elapsed="0.103865"/>
</kw>
<arg>xpath=//input[@placeholder="ชื่อบริษัท*"]</arg>
<arg>${companyname}</arg>
<status status="PASS" start="2026-03-21T05:10:32.085245" elapsed="0.104256"/>
</kw>
<kw name="Wait until element is ready then select dropdown" owner="CommonKeywords">
<kw name="Wait Until Keyword Succeeds" owner="BuiltIn">
<kw name="Click Element" owner="SeleniumLibrary">
<msg time="2026-03-21T05:10:32.190368" level="INFO">Clicking element 'xpath=//go5-dropdown-selection[@data-testid="dropdown_selection_registration_company_type"]'.</msg>
<arg>${dropdown_locator}</arg>
<doc>Click the element identified by ``locator``.</doc>
<status status="PASS" start="2026-03-21T05:10:32.190233" elapsed="0.052690"/>
</kw>
<arg>5x</arg>
<arg>2s</arg>
<arg>Click Element</arg>
<arg>${dropdown_locator}</arg>
<doc>Runs the specified keyword and retries if it fails.</doc>
<status status="PASS" start="2026-03-21T05:10:32.189927" elapsed="0.053084"/>
</kw>
<kw name="Set Variable" owner="BuiltIn">
<msg time="2026-03-21T05:10:32.243772" level="INFO">${target_option} = xpath=//*[contains(@class, 'go5-dropdown-item')]//*[normalize-space()='ซอฟต์แวร์ การพัฒนาแอพ']</msg>
<var>${target_option}</var>
<arg>xpath=//*[contains(@class, 'go5-dropdown-item')]//*[normalize-space()='${option_text}']</arg>
<doc>Returns the given values which can then be assigned to a variables.</doc>
<status status="PASS" start="2026-03-21T05:10:32.243142" elapsed="0.000677"/>
</kw>
<kw name="Wait Until Element Is Visible" owner="SeleniumLibrary">
<arg>${target_option}</arg>
<arg>timeout=5s</arg>
<doc>Waits until the element ``locator`` is visible.</doc>
<status status="PASS" start="2026-03-21T05:10:32.244030" elapsed="0.220694"/>
</kw>
<kw name="Wait Until Keyword Succeeds" owner="BuiltIn">
<kw name="Click Element" owner="SeleniumLibrary">
<msg time="2026-03-21T05:10:32.465321" level="INFO">Clicking element 'xpath=//*[contains(@class, 'go5-dropdown-item')]//*[normalize-space()='ซอฟต์แวร์ การพัฒนาแอพ']'.</msg>
<arg>${target_option}</arg>
<doc>Click the element identified by ``locator``.</doc>
<status status="PASS" start="2026-03-21T05:10:32.465183" elapsed="0.044287"/>
</kw>
<arg>5x</arg>
<arg>2s</arg>
<arg>Click Element</arg>
<arg>${target_option}</arg>
<doc>Runs the specified keyword and retries if it fails.</doc>
<status status="PASS" start="2026-03-21T05:10:32.464875" elapsed="0.044675"/>
</kw>
<arg>xpath=//go5-dropdown-selection[@data-testid="dropdown_selection_registration_company_type"]</arg>
<arg>${companydetail}</arg>
<status status="PASS" start="2026-03-21T05:10:32.189660" elapsed="0.319949"/>
</kw>
<kw name="Wait until element is ready then select dropdown" owner="CommonKeywords">
<kw name="Wait Until Keyword Succeeds" owner="BuiltIn">
<kw name="Click Element" owner="SeleniumLibrary">
<msg time="2026-03-21T05:10:32.510423" level="INFO">Clicking element 'xpath=//go5-dropdown-selection[@data-testid="dropdown_selection_registration_user_amount"]'.</msg>
<arg>${dropdown_locator}</arg>
<doc>Click the element identified by ``locator``.</doc>
<status status="PASS" start="2026-03-21T05:10:32.510299" elapsed="0.037670"/>
</kw>
<arg>5x</arg>
<arg>2s</arg>
<arg>Click Element</arg>
<arg>${dropdown_locator}</arg>
<doc>Runs the specified keyword and retries if it fails.</doc>
<status status="PASS" start="2026-03-21T05:10:32.510012" elapsed="0.038042"/>
</kw>
<kw name="Set Variable" owner="BuiltIn">
<msg time="2026-03-21T05:10:32.548453" level="INFO">${target_option} = xpath=//*[contains(@class, 'go5-dropdown-item')]//*[normalize-space()='101-200']</msg>
<var>${target_option}</var>
<arg>xpath=//*[contains(@class, 'go5-dropdown-item')]//*[normalize-space()='${option_text}']</arg>
<doc>Returns the given values which can then be assigned to a variables.</doc>
<status status="PASS" start="2026-03-21T05:10:32.548180" elapsed="0.000294"/>
</kw>
<kw name="Wait Until Element Is Visible" owner="SeleniumLibrary">
<arg>${target_option}</arg>
<arg>timeout=5s</arg>
<doc>Waits until the element ``locator`` is visible.</doc>
<status status="PASS" start="2026-03-21T05:10:32.548577" elapsed="0.219606"/>
</kw>
<kw name="Wait Until Keyword Succeeds" owner="BuiltIn">
<kw name="Click Element" owner="SeleniumLibrary">
<msg time="2026-03-21T05:10:32.768795" level="INFO">Clicking element 'xpath=//*[contains(@class, 'go5-dropdown-item')]//*[normalize-space()='101-200']'.</msg>
<arg>${target_option}</arg>
<doc>Click the element identified by ``locator``.</doc>
<status status="PASS" start="2026-03-21T05:10:32.768656" elapsed="0.039236"/>
</kw>
<arg>5x</arg>
<arg>2s</arg>
<arg>Click Element</arg>
<arg>${target_option}</arg>
<doc>Runs the specified keyword and retries if it fails.</doc>
<status status="PASS" start="2026-03-21T05:10:32.768339" elapsed="0.039670"/>
</kw>
<arg>xpath=//go5-dropdown-selection[@data-testid="dropdown_selection_registration_user_amount"]</arg>
<arg>${userdetail}</arg>
<status status="PASS" start="2026-03-21T05:10:32.509759" elapsed="0.298340"/>
</kw>
<kw name="Wait until element is ready then input text" owner="CommonKeywords">
<kw name="Wait Until Keyword Succeeds" owner="BuiltIn">
<kw name="Input Text" owner="SeleniumLibrary">
<msg time="2026-03-21T05:10:32.809021" level="INFO">Typing text 'TestEmail1ss@gmail.com' into text field 'xpath=//input[@placeholder="อีเมล*"]'.</msg>
<arg>${locator}</arg>
<arg>${text}</arg>
<doc>Types the given ``text`` into the text field identified by ``locator``.</doc>
<status status="PASS" start="2026-03-21T05:10:32.808877" elapsed="0.053545"/>
</kw>
<arg>5x</arg>
<arg>2s</arg>
<arg>Input Text</arg>
<arg>${locator}</arg>
<arg>${text}</arg>
<doc>Runs the specified keyword and retries if it fails.</doc>
<status status="PASS" start="2026-03-21T05:10:32.808581" elapsed="0.053923"/>
</kw>
<arg>xpath=//input[@placeholder="อีเมล*"]</arg>
<arg>${email}</arg>
<status status="PASS" start="2026-03-21T05:10:32.808292" elapsed="0.054268"/>
</kw>
<kw name="Wait until element is ready then input text" owner="CommonKeywords">
<kw name="Wait Until Keyword Succeeds" owner="BuiltIn">
<kw name="Input Text" owner="SeleniumLibrary">
<msg time="2026-03-21T05:10:32.863421" level="INFO">Typing text '!@#$%^&amp;*()_+' into text field 'xpath=//input[@placeholder="ชื่อ*"]'.</msg>
<arg>${locator}</arg>
<arg>${text}</arg>
<doc>Types the given ``text`` into the text field identified by ``locator``.</doc>
<status status="PASS" start="2026-03-21T05:10:32.863276" elapsed="0.054911"/>
</kw>
<arg>5x</arg>
<arg>2s</arg>
<arg>Input Text</arg>
<arg>${locator}</arg>
<arg>${text}</arg>
<doc>Runs the specified keyword and retries if it fails.</doc>
<status status="PASS" start="2026-03-21T05:10:32.862970" elapsed="0.055426"/>
</kw>
<arg>xpath=//input[@placeholder="ชื่อ*"]</arg>
<arg>${name}</arg>
<status status="PASS" start="2026-03-21T05:10:32.862711" elapsed="0.055830"/>
</kw>
<kw name="Wait until element is ready then input text" owner="CommonKeywords">
<kw name="Wait Until Keyword Succeeds" owner="BuiltIn">
<kw name="Input Text" owner="SeleniumLibrary">
<msg time="2026-03-21T05:10:32.919805" level="INFO">Typing text ' Charoenpol' into text field 'xpath=//input[@placeholder="นามสกุล*"]'.</msg>
<arg>${locator}</arg>
<arg>${text}</arg>
<doc>Types the given ``text`` into the text field identified by ``locator``.</doc>
<status status="PASS" start="2026-03-21T05:10:32.919612" elapsed="0.050795"/>
</kw>
<arg>5x</arg>
<arg>2s</arg>
<arg>Input Text</arg>
<arg>${locator}</arg>
<arg>${text}</arg>
<doc>Runs the specified keyword and retries if it fails.</doc>
<status status="PASS" start="2026-03-21T05:10:32.919216" elapsed="0.051289"/>
</kw>
<arg>xpath=//input[@placeholder="นามสกุล*"]</arg>
<arg>${lastName}</arg>
<status status="PASS" start="2026-03-21T05:10:32.918858" elapsed="0.051707"/>
</kw>
<kw name="Wait until element is ready then input text" owner="CommonKeywords">
<kw name="Wait Until Keyword Succeeds" owner="BuiltIn">
<kw name="Input Text" owner="SeleniumLibrary">
<msg time="2026-03-21T05:10:32.971692" level="INFO">Typing text '0967690708' into text field 'xpath=//input[@placeholder="เบอร์มือถือ*"]'.</msg>
<arg>${locator}</arg>
<arg>${text}</arg>
<doc>Types the given ``text`` into the text field identified by ``locator``.</doc>
<status status="PASS" start="2026-03-21T05:10:32.971538" elapsed="0.049754"/>
</kw>
<arg>5x</arg>
<arg>2s</arg>
<arg>Input Text</arg>
<arg>${locator}</arg>
<arg>${text}</arg>
<doc>Runs the specified keyword and retries if it fails.</doc>
<status status="PASS" start="2026-03-21T05:10:32.971202" elapsed="0.050184"/>
</kw>
<arg>xpath=//input[@placeholder="เบอร์มือถือ*"]</arg>
<arg>${phone}</arg>
<status status="PASS" start="2026-03-21T05:10:32.970710" elapsed="0.050737"/>
</kw>
<kw name="Wait until element is ready then click element" owner="CommonKeywords">
<kw name="Wait Until Keyword Succeeds" owner="BuiltIn">
<kw name="Click Element" owner="SeleniumLibrary">
<msg time="2026-03-21T05:10:33.022313" level="INFO">Clicking element 'xpath=//span[contains(text(), 'ใช้โค้ดส่วนลด')]'.</msg>
<arg>${locator}</arg>
<doc>Click the element identified by ``locator``.</doc>
<status status="PASS" start="2026-03-21T05:10:33.022167" elapsed="0.040357"/>
</kw>
<arg>5x</arg>
<arg>2s</arg>
<arg>Click Element</arg>
<arg>${locator}</arg>
<doc>Runs the specified keyword and retries if it fails.</doc>
<status status="PASS" start="2026-03-21T05:10:33.021861" elapsed="0.041011"/>
</kw>
<arg>xpath=//span[contains(text(), 'ใช้โค้ดส่วนลด')]</arg>
<status status="PASS" start="2026-03-21T05:10:33.021604" elapsed="0.041351"/>
</kw>
<kw name="Wait until element is ready then input text" owner="CommonKeywords">
<kw name="Wait Until Keyword Succeeds" owner="BuiltIn">
<kw name="Input Text" owner="SeleniumLibrary">
<msg time="2026-03-21T05:10:33.064185" level="INFO">Typing text 'FREE15DAY' into text field 'xpath=//input[@placeholder="รหัสส่วนลด"]'.</msg>
<arg>${locator}</arg>
<arg>${text}</arg>
<doc>Types the given ``text`` into the text field identified by ``locator``.</doc>
<status status="PASS" start="2026-03-21T05:10:33.063879" elapsed="0.041276"/>
</kw>
<arg>5x</arg>
<arg>2s</arg>
<arg>Input Text</arg>
<arg>${locator}</arg>
<arg>${text}</arg>
<doc>Runs the specified keyword and retries if it fails.</doc>
<status status="PASS" start="2026-03-21T05:10:33.063566" elapsed="0.041700"/>
</kw>
<arg>xpath=//input[@placeholder="รหัสส่วนลด"]</arg>
<arg>${Promo Code}</arg>
<status status="PASS" start="2026-03-21T05:10:33.063230" elapsed="0.042114"/>
</kw>
<kw name="Wait until element is ready then click element" owner="CommonKeywords">
<kw name="Wait Until Keyword Succeeds" owner="BuiltIn">
<kw name="Click Element" owner="SeleniumLibrary">
<msg time="2026-03-21T05:10:33.106303" level="INFO">Clicking element 'xpath=//input[@data-testid="input_checkbox_registration_checkbox"]'.</msg>
<arg>${locator}</arg>
<doc>Click the element identified by ``locator``.</doc>
<status status="PASS" start="2026-03-21T05:10:33.106150" elapsed="0.077918"/>
</kw>
<arg>5x</arg>
<arg>2s</arg>
<arg>Click Element</arg>
<arg>${locator}</arg>
<doc>Runs the specified keyword and retries if it fails.</doc>
<status status="PASS" start="2026-03-21T05:10:33.105787" elapsed="0.078459"/>
</kw>
<arg>xpath=//input[@data-testid="input_checkbox_registration_checkbox"]</arg>
<status status="PASS" start="2026-03-21T05:10:33.105529" elapsed="0.078784"/>
</kw>
<kw name="Wait until element is ready then click element" owner="CommonKeywords">
<kw name="Wait Until Keyword Succeeds" owner="BuiltIn">
<kw name="Click Element" owner="SeleniumLibrary">
<msg time="2026-03-21T05:10:33.185251" level="INFO">Clicking element 'xpath=//button[@data-testid="button_submit_registration_try_for_free"]'.</msg>
<arg>${locator}</arg>
<doc>Click the element identified by ``locator``.</doc>
<status status="PASS" start="2026-03-21T05:10:33.185097" elapsed="0.046148"/>
</kw>
<arg>5x</arg>
<arg>2s</arg>
<arg>Click Element</arg>
<arg>${locator}</arg>
<doc>Runs the specified keyword and retries if it fails.</doc>
<status status="PASS" start="2026-03-21T05:10:33.184778" elapsed="0.046550"/>
</kw>
<arg>xpath=//button[@data-testid="button_submit_registration_try_for_free"]</arg>
<status status="PASS" start="2026-03-21T05:10:33.184517" elapsed="0.046865"/>
</kw>
<status status="PASS" start="2026-03-21T05:10:28.849179" elapsed="4.382243"/>
</kw>
<kw name="Then Website should be display notify as &quot;กรุณาใส่ชื่อที่ถูกต้อง&quot;" owner="Registerkeywords" source_name="Website should be display notify as &quot;${expexted_message}&quot;">
<kw name="Wait until page contains element then verify text" owner="CommonKeywords">
<kw name="Wait Until Keyword Succeeds" owner="BuiltIn">
<kw name="Page Should Contain" owner="SeleniumLibrary">
<msg time="2026-03-21T05:10:33.305900" level="INFO" html="true">&lt;/td&gt;&lt;/tr&gt;&lt;tr&gt;&lt;td colspan="3"&gt;&lt;a href="selenium-screenshot-3.png"&gt;&lt;img src="selenium-screenshot-3.png" width="800px"&gt;&lt;/a&gt;</msg>
<msg time="2026-03-21T05:10:33.306043" level="FAIL">Page should have contained text 'กรุณาใส่ชื่อที่ถูกต้อง' but did not.</msg>
<arg>${expexted_message}</arg>
<doc>Verifies that current page contains ``text``.</doc>
<status status="FAIL" start="2026-03-21T05:10:33.232455" elapsed="0.074124">Page should have contained text 'กรุณาใส่ชื่อที่ถูกต้อง' but did not.</status>
</kw>
<kw name="Page Should Contain" owner="SeleniumLibrary">
<msg time="2026-03-21T05:10:35.408053" level="INFO" html="true">&lt;/td&gt;&lt;/tr&gt;&lt;tr&gt;&lt;td colspan="3"&gt;&lt;a href="selenium-screenshot-4.png"&gt;&lt;img src="selenium-screenshot-4.png" width="800px"&gt;&lt;/a&gt;</msg>
<msg time="2026-03-21T05:10:35.408235" level="FAIL">Page should have contained text 'กรุณาใส่ชื่อที่ถูกต้อง' but did not.</msg>
<arg>${expexted_message}</arg>
<doc>Verifies that current page contains ``text``.</doc>
<status status="FAIL" start="2026-03-21T05:10:35.307411" elapsed="0.101358">Page should have contained text 'กรุณาใส่ชื่อที่ถูกต้อง' but did not.</status>
</kw>
<kw name="Page Should Contain" owner="SeleniumLibrary">
<msg time="2026-03-21T05:10:37.468029" level="INFO" html="true">&lt;/td&gt;&lt;/tr&gt;&lt;tr&gt;&lt;td colspan="3"&gt;&lt;a href="selenium-screenshot-5.png"&gt;&lt;img src="selenium-screenshot-5.png" width="800px"&gt;&lt;/a&gt;</msg>
<msg time="2026-03-21T05:10:37.468211" level="FAIL">Page should have contained text 'กรุณาใส่ชื่อที่ถูกต้อง' but did not.</msg>
<arg>${expexted_message}</arg>
<doc>Verifies that current page contains ``text``.</doc>
<status status="FAIL" start="2026-03-21T05:10:37.409483" elapsed="0.059285">Page should have contained text 'กรุณาใส่ชื่อที่ถูกต้อง' but did not.</status>
</kw>
<kw name="Page Should Contain" owner="SeleniumLibrary">
<msg time="2026-03-21T05:10:39.528449" level="INFO" html="true">&lt;/td&gt;&lt;/tr&gt;&lt;tr&gt;&lt;td colspan="3"&gt;&lt;a href="selenium-screenshot-6.png"&gt;&lt;img src="selenium-screenshot-6.png" width="800px"&gt;&lt;/a&gt;</msg>
<msg time="2026-03-21T05:10:39.528606" level="FAIL">Page should have contained text 'กรุณาใส่ชื่อที่ถูกต้อง' but did not.</msg>
<arg>${expexted_message}</arg>
<doc>Verifies that current page contains ``text``.</doc>
<status status="FAIL" start="2026-03-21T05:10:39.469665" elapsed="0.059591">Page should have contained text 'กรุณาใส่ชื่อที่ถูกต้อง' but did not.</status>
</kw>
<kw name="Page Should Contain" owner="SeleniumLibrary">
<msg time="2026-03-21T05:10:41.598983" level="INFO" html="true">&lt;/td&gt;&lt;/tr&gt;&lt;tr&gt;&lt;td colspan="3"&gt;&lt;a href="selenium-screenshot-7.png"&gt;&lt;img src="selenium-screenshot-7.png" width="800px"&gt;&lt;/a&gt;</msg>
<msg time="2026-03-21T05:10:41.599103" level="FAIL">Page should have contained text 'กรุณาใส่ชื่อที่ถูกต้อง' but did not.</msg>
<arg>${expexted_message}</arg>
<doc>Verifies that current page contains ``text``.</doc>
<status status="FAIL" start="2026-03-21T05:10:41.529665" elapsed="0.069903">Page should have contained text 'กรุณาใส่ชื่อที่ถูกต้อง' but did not.</status>
</kw>
<msg time="2026-03-21T05:10:41.599678" level="FAIL">Keyword 'Page Should Contain' failed after retrying 5 times. The last error was: Page should have contained text 'กรุณาใส่ชื่อที่ถูกต้อง' but did not.</msg>
<arg>5x</arg>
<arg>2s</arg>
<arg>Page Should Contain</arg>
<arg>${expexted_message}</arg>
<doc>Runs the specified keyword and retries if it fails.</doc>
<status status="FAIL" start="2026-03-21T05:10:33.232165" elapsed="8.367913">Keyword 'Page Should Contain' failed after retrying 5 times. The last error was: Page should have contained text 'กรุณาใส่ชื่อที่ถูกต้อง' but did not.</status>
</kw>
<arg>${expexted_message}</arg>
<status status="FAIL" start="2026-03-21T05:10:33.231975" elapsed="8.368224">Keyword 'Page Should Contain' failed after retrying 5 times. The last error was: Page should have contained text 'กรุณาใส่ชื่อที่ถูกต้อง' but did not.</status>
</kw>
<status status="FAIL" start="2026-03-21T05:10:33.231725" elapsed="8.368542">Keyword 'Page Should Contain' failed after retrying 5 times. The last error was: Page should have contained text 'กรุณาใส่ชื่อที่ถูกต้อง' but did not.</status>
</kw>
<doc>ตรวจสอบการกรอกชื่อเป็นอักษรพิเศษ</doc>
<status status="FAIL" start="2026-03-21T05:10:28.266820" elapsed="13.333785">Keyword 'Page Should Contain' failed after retrying 5 times. The last error was: Page should have contained text 'กรุณาใส่ชื่อที่ถูกต้อง' but did not.</status>
</test>
<test id="s1-t3" name="3.Register Deny with invalid phone" line="28">
<kw name="Go To" owner="SeleniumLibrary" type="SETUP">
<msg time="2026-03-21T05:10:41.601568" level="INFO">Opening url 'https://portal.uat.gofive.co.th/Register/empeo'</msg>
<arg>${baseUrl}</arg>
<doc>Navigates the current browser window to the provided ``url``.</doc>
<status status="PASS" start="2026-03-21T05:10:41.601454" elapsed="0.492022"/>
</kw>
<kw name="When user Register to Empeo platform with ${companyname}, ${companydetail}, ${userdetail}, ${email}, ${name}, ${lastname}, ${invalidphone}, ${validPromo Code}" owner="Registerkeywords" source_name="user Register to Empeo platform with ${companyname}, ${companydetail}, ${userdetail}, ${email}, ${name},${lastname}, ${phone}, ${Promo Code}">
<kw name="Wait until element is ready then click element" owner="CommonKeywords">
<kw name="Wait Until Keyword Succeeds" owner="BuiltIn">
<kw name="Click Element" owner="SeleniumLibrary">
<msg time="2026-03-21T05:10:42.095364" level="INFO">Clicking element 'xpath=//label[contains(text(), 'อื่นๆ')]'.</msg>
<msg time="2026-03-21T05:10:43.191264" level="INFO" html="true">&lt;/td&gt;&lt;/tr&gt;&lt;tr&gt;&lt;td colspan="3"&gt;&lt;a href="selenium-screenshot-8.png"&gt;&lt;img src="selenium-screenshot-8.png" width="800px"&gt;&lt;/a&gt;</msg>
<msg time="2026-03-21T05:10:43.191409" level="FAIL">ElementClickInterceptedException: Message: element click intercepted: Element is not clickable at point (256, 905)
  (Session info: chrome=146.0.7680.154); For documentation on this error, please visit: https://www.selenium.dev/documentation/webdriver/troubleshooting/errors#elementclickinterceptedexception
Stacktrace:
	chromedriver!GetHandleVerifier [0x7ff71f653045+14585]
	chromedriver!GetHandleVerifier [0x7ff71f6530b0+145f0]
	chromedriver!(No symbol) [0x7ff71f3bdb7d]
	chromedriver!(No symbol) [0x7ff71f41f8e5]
	chromedriver!(No symbol) [0x7ff71f41cffa]
	chromedriver!(No symbol) [0x7ff71f419e95]
	chromedriver!(No symbol) [0x7ff71f418d47]
	chromedriver!(No symbol) [0x7ff71f40b8f6]
	chromedriver!(No symbol) [0x7ff71f44069a]
	chromedriver!(No symbol) [0x7ff71f40b176]
	chromedriver!(No symbol) [0x7ff71f4645af]
	chromedriver!(No symbol) [0x7ff71f409a18]
	chromedriver!(No symbol) [0x7ff71f40a8f3]
	chromedriver!GetHandleVerifier [0x7ff71f95ac5d+31c19d]
	chromedriver!GetHandleVerifier [0x7ff71f95536d+3168ad]
	chromedriver!GetHandleVerifier [0x7ff71f977d8a+3392ca]
	chromedriver!GetHandleVerifier [0x7ff71f66f445+30985]
	chromedriver!GetHandleVerifier [0x7ff71f6784dc+39a1c]
	chromedriver!GetHandleVerifier [0x7ff71f65c634+1db74]
	chromedriver!GetHandleVerifier [0x7ff71f65c7e6+1dd26]
	chromedriver!GetHandleVerifier [0x7ff71f641387+28c7]
	KERNEL32!BaseThreadInitThunk [0x7ffc23d4e8d7+17]
	ntdll!RtlUserThreadStart [0x7ffc25aac48c+2c]
</msg>
<arg>${locator}</arg>
<doc>Click the element identified by ``locator``.</doc>
<status status="FAIL" start="2026-03-21T05:10:42.095215" elapsed="1.096970">ElementClickInterceptedException: Message: element click intercepted: Element is not clickable at point (256, 905)
  (Session info: chrome=146.0.7680.154); For documentation on this error, please visit: https://www.selenium.dev/documentation/webdriver/troubleshooting/errors#elementclickinterceptedexception
Stacktrace:
	chromedriver!GetHandleVerifier [0x7ff71f653045+14585]
	chromedriver!GetHandleVerifier [0x7ff71f6530b0+145f0]
	chromedriver!(No symbol) [0x7ff71f3bdb7d]
	chromedriver!(No symbol) [0x7ff71f41f8e5]
	chromedriver!(No symbol) [0x7ff71f41cffa]
	chromedriver!(No symbol) [0x7ff71f419e95]
	chromedriver!(No symbol) [0x7ff71f418d47]
	chromedriver!(No symbol) [0x7ff71f40b8f6]
	chromedriver!(No symbol) [0x7ff71f44069a]
	chromedriver!(No symbol) [0x7ff71f40b176]
	chromedriver!(No symbol) [0x7ff71f4645af]
	chromedriver!(No symbol) [0x7ff71f409a18]
	chromedriver!(No symbol) [0x7ff71f40a8f3]
	chromedriver!GetHandleVerifier [0x7ff71f95ac5d+31c19d]
	chromedriver!GetHandleVerifier [0x7ff71f95536d+3168ad]
	chromedriver!GetHandleVerifier [0x7ff71f977d8a+3392ca]
	chromedriver!GetHandleVerifier [0x7ff71f66f445+30985]
	chromedriver!GetHandleVerifier [0x7ff71f6784dc+39a1c]
	chromedriver!GetHandleVerifier [0x7ff71f65c634+1db74]
	chromedriver!GetHandleVerifier [0x7ff71f65c7e6+1dd26]
	chromedriver!GetHandleVerifier [0x7ff71f641387+28c7]
	KERNEL32!BaseThreadInitThunk [0x7ffc23d4e8d7+17]
	ntdll!RtlUserThreadStart [0x7ffc25aac48c+2c]
</status>
</kw>
<kw name="Click Element" owner="SeleniumLibrary">
<msg time="2026-03-21T05:10:45.192870" level="INFO">Clicking element 'xpath=//label[contains(text(), 'อื่นๆ')]'.</msg>
<arg>${locator}</arg>
<doc>Click the element identified by ``locator``.</doc>
<status status="PASS" start="2026-03-21T05:10:45.192632" elapsed="0.074103"/>
</kw>
<arg>5x</arg>
<arg>2s</arg>
<arg>Click Element</arg>
<arg>${locator}</arg>
<doc>Runs the specified keyword and retries if it fails.</doc>
<status status="PASS" start="2026-03-21T05:10:42.094804" elapsed="3.172015"/>
</kw>
<arg>xpath=//label[contains(text(), 'อื่นๆ')]</arg>
<status status="PASS" start="2026-03-21T05:10:42.094574" elapsed="3.172302"/>
</kw>
<kw name="Wait until element is ready then input text" owner="CommonKeywords">
<kw name="Wait Until Keyword Succeeds" owner="BuiltIn">
<kw name="Input Text" owner="SeleniumLibrary">
<msg time="2026-03-21T05:10:45.267755" level="INFO">Typing text 'TestCompp1' into text field 'xpath=//input[@placeholder="ชื่อบริษัท*"]'.</msg>
<arg>${locator}</arg>
<arg>${text}</arg>
<doc>Types the given ``text`` into the text field identified by ``locator``.</doc>
<status status="PASS" start="2026-03-21T05:10:45.267607" elapsed="0.075206"/>
</kw>
<arg>5x</arg>
<arg>2s</arg>
<arg>Input Text</arg>
<arg>${locator}</arg>
<arg>${text}</arg>
<doc>Runs the specified keyword and retries if it fails.</doc>
<status status="PASS" start="2026-03-21T05:10:45.267295" elapsed="0.075661"/>
</kw>
<arg>xpath=//input[@placeholder="ชื่อบริษัท*"]</arg>
<arg>${companyname}</arg>
<status status="PASS" start="2026-03-21T05:10:45.267027" elapsed="0.076034"/>
</kw>
<kw name="Wait until element is ready then select dropdown" owner="CommonKeywords">
<kw name="Wait Until Keyword Succeeds" owner="BuiltIn">
<kw name="Click Element" owner="SeleniumLibrary">
<msg time="2026-03-21T05:10:45.344349" level="INFO">Clicking element 'xpath=//go5-dropdown-selection[@data-testid="dropdown_selection_registration_company_type"]'.</msg>
<arg>${dropdown_locator}</arg>
<doc>Click the element identified by ``locator``.</doc>
<status status="PASS" start="2026-03-21T05:10:45.344124" elapsed="0.053523"/>
</kw>
<arg>5x</arg>
<arg>2s</arg>
<arg>Click Element</arg>
<arg>${dropdown_locator}</arg>
<doc>Runs the specified keyword and retries if it fails.</doc>
<status status="PASS" start="2026-03-21T05:10:45.343674" elapsed="0.054056"/>
</kw>
<kw name="Set Variable" owner="BuiltIn">
<msg time="2026-03-21T05:10:45.398186" level="INFO">${target_option} = xpath=//*[contains(@class, 'go5-dropdown-item')]//*[normalize-space()='ซอฟต์แวร์ การพัฒนาแอพ']</msg>
<var>${target_option}</var>
<arg>xpath=//*[contains(@class, 'go5-dropdown-item')]//*[normalize-space()='${option_text}']</arg>
<doc>Returns the given values which can then be assigned to a variables.</doc>
<status status="PASS" start="2026-03-21T05:10:45.397860" elapsed="0.000354"/>
</kw>
<kw name="Wait Until Element Is Visible" owner="SeleniumLibrary">
<arg>${target_option}</arg>
<arg>timeout=5s</arg>
<doc>Waits until the element ``locator`` is visible.</doc>
<status status="PASS" start="2026-03-21T05:10:45.398324" elapsed="0.217969"/>
</kw>
<kw name="Wait Until Keyword Succeeds" owner="BuiltIn">
<kw name="Click Element" owner="SeleniumLibrary">
<msg time="2026-03-21T05:10:45.617071" level="INFO">Clicking element 'xpath=//*[contains(@class, 'go5-dropdown-item')]//*[normalize-space()='ซอฟต์แวร์ การพัฒนาแอพ']'.</msg>
<arg>${target_option}</arg>
<doc>Click the element identified by ``locator``.</doc>
<status status="PASS" start="2026-03-21T05:10:45.616908" elapsed="0.042969"/>
</kw>
<arg>5x</arg>
<arg>2s</arg>
<arg>Click Element</arg>
<arg>${target_option}</arg>
<doc>Runs the specified keyword and retries if it fails.</doc>
<status status="PASS" start="2026-03-21T05:10:45.616488" elapsed="0.043473"/>
</kw>
<arg>xpath=//go5-dropdown-selection[@data-testid="dropdown_selection_registration_company_type"]</arg>
<arg>${companydetail}</arg>
<status status="PASS" start="2026-03-21T05:10:45.343291" elapsed="0.316724"/>
</kw>
<kw name="Wait until element is ready then select dropdown" owner="CommonKeywords">
<kw name="Wait Until Keyword Succeeds" owner="BuiltIn">
<kw name="Click Element" owner="SeleniumLibrary">
<msg time="2026-03-21T05:10:45.661020" level="INFO">Clicking element 'xpath=//go5-dropdown-selection[@data-testid="dropdown_selection_registration_user_amount"]'.</msg>
<arg>${dropdown_locator}</arg>
<doc>Click the element identified by ``locator``.</doc>
<status status="PASS" start="2026-03-21T05:10:45.660878" elapsed="0.055695"/>
</kw>
<arg>5x</arg>
<arg>2s</arg>
<arg>Click Element</arg>
<arg>${dropdown_locator}</arg>
<doc>Runs the specified keyword and retries if it fails.</doc>
<status status="PASS" start="2026-03-21T05:10:45.660471" elapsed="0.056268"/>
</kw>
<kw name="Set Variable" owner="BuiltIn">
<msg time="2026-03-21T05:10:45.717679" level="INFO">${target_option} = xpath=//*[contains(@class, 'go5-dropdown-item')]//*[normalize-space()='101-200']</msg>
<var>${target_option}</var>
<arg>xpath=//*[contains(@class, 'go5-dropdown-item')]//*[normalize-space()='${option_text}']</arg>
<doc>Returns the given values which can then be assigned to a variables.</doc>
<status status="PASS" start="2026-03-21T05:10:45.717149" elapsed="0.000579"/>
</kw>
<kw name="Wait Until Element Is Visible" owner="SeleniumLibrary">
<arg>${target_option}</arg>
<arg>timeout=5s</arg>
<doc>Waits until the element ``locator`` is visible.</doc>
<status status="PASS" start="2026-03-21T05:10:45.717942" elapsed="0.044163"/>
</kw>
<kw name="Wait Until Keyword Succeeds" owner="BuiltIn">
<kw name="Click Element" owner="SeleniumLibrary">
<msg time="2026-03-21T05:10:45.763356" level="INFO">Clicking element 'xpath=//*[contains(@class, 'go5-dropdown-item')]//*[normalize-space()='101-200']'.</msg>
<arg>${target_option}</arg>
<doc>Click the element identified by ``locator``.</doc>
<status status="PASS" start="2026-03-21T05:10:45.762983" elapsed="0.045504"/>
</kw>
<arg>5x</arg>
<arg>2s</arg>
<arg>Click Element</arg>
<arg>${target_option}</arg>
<doc>Runs the specified keyword and retries if it fails.</doc>
<status status="PASS" start="2026-03-21T05:10:45.762406" elapsed="0.046162"/>
</kw>
<arg>xpath=//go5-dropdown-selection[@data-testid="dropdown_selection_registration_user_amount"]</arg>
<arg>${userdetail}</arg>
<status status="PASS" start="2026-03-21T05:10:45.660174" elapsed="0.148447"/>
</kw>
<kw name="Wait until element is ready then input text" owner="CommonKeywords">
<kw name="Wait Until Keyword Succeeds" owner="BuiltIn">
<kw name="Input Text" owner="SeleniumLibrary">
<msg time="2026-03-21T05:10:45.809487" level="INFO">Typing text 'TestEmail1ss@gmail.com' into text field 'xpath=//input[@placeholder="อีเมล*"]'.</msg>
<arg>${locator}</arg>
<arg>${text}</arg>
<doc>Types the given ``text`` into the text field identified by ``locator``.</doc>
<status status="PASS" start="2026-03-21T05:10:45.809343" elapsed="0.052293"/>
</kw>
<arg>5x</arg>
<arg>2s</arg>
<arg>Input Text</arg>
<arg>${locator}</arg>
<arg>${text}</arg>
<doc>Runs the specified keyword and retries if it fails.</doc>
<status status="PASS" start="2026-03-21T05:10:45.809047" elapsed="0.052715"/>
</kw>
<arg>xpath=//input[@placeholder="อีเมล*"]</arg>
<arg>${email}</arg>
<status status="PASS" start="2026-03-21T05:10:45.808780" elapsed="0.053073"/>
</kw>
<kw name="Wait until element is ready then input text" owner="CommonKeywords">
<kw name="Wait Until Keyword Succeeds" owner="BuiltIn">
<kw name="Input Text" owner="SeleniumLibrary">
<msg time="2026-03-21T05:10:45.862934" level="INFO">Typing text 'Teeradech' into text field 'xpath=//input[@placeholder="ชื่อ*"]'.</msg>
<arg>${locator}</arg>
<arg>${text}</arg>
<doc>Types the given ``text`` into the text field identified by ``locator``.</doc>
<status status="PASS" start="2026-03-21T05:10:45.862725" elapsed="0.043061"/>
</kw>
<arg>5x</arg>
<arg>2s</arg>
<arg>Input Text</arg>
<arg>${locator}</arg>
<arg>${text}</arg>
<doc>Runs the specified keyword and retries if it fails.</doc>
<status status="PASS" start="2026-03-21T05:10:45.862316" elapsed="0.043631"/>
</kw>
<arg>xpath=//input[@placeholder="ชื่อ*"]</arg>
<arg>${name}</arg>
<status status="PASS" start="2026-03-21T05:10:45.862013" elapsed="0.044050"/>
</kw>
<kw name="Wait until element is ready then input text" owner="CommonKeywords">
<kw name="Wait Until Keyword Succeeds" owner="BuiltIn">
<kw name="Input Text" owner="SeleniumLibrary">
<msg time="2026-03-21T05:10:45.907161" level="INFO">Typing text ' Charoenpol' into text field 'xpath=//input[@placeholder="นามสกุล*"]'.</msg>
<arg>${locator}</arg>
<arg>${text}</arg>
<doc>Types the given ``text`` into the text field identified by ``locator``.</doc>
<status status="PASS" start="2026-03-21T05:10:45.906951" elapsed="0.048893"/>
</kw>
<arg>5x</arg>
<arg>2s</arg>
<arg>Input Text</arg>
<arg>${locator}</arg>
<arg>${text}</arg>
<doc>Runs the specified keyword and retries if it fails.</doc>
<status status="PASS" start="2026-03-21T05:10:45.906528" elapsed="0.049431"/>
</kw>
<arg>xpath=//input[@placeholder="นามสกุล*"]</arg>
<arg>${lastName}</arg>
<status status="PASS" start="2026-03-21T05:10:45.906222" elapsed="0.049823"/>
</kw>
<kw name="Wait until element is ready then input text" owner="CommonKeywords">
<kw name="Wait Until Keyword Succeeds" owner="BuiltIn">
<kw name="Input Text" owner="SeleniumLibrary">
<msg time="2026-03-21T05:10:45.957254" level="INFO">Typing text '2724953' into text field 'xpath=//input[@placeholder="เบอร์มือถือ*"]'.</msg>
<arg>${locator}</arg>
<arg>${text}</arg>
<doc>Types the given ``text`` into the text field identified by ``locator``.</doc>
<status status="PASS" start="2026-03-21T05:10:45.957036" elapsed="0.054878"/>
</kw>
<arg>5x</arg>
<arg>2s</arg>
<arg>Input Text</arg>
<arg>${locator}</arg>
<arg>${text}</arg>
<doc>Runs the specified keyword and retries if it fails.</doc>
<status status="PASS" start="2026-03-21T05:10:45.956621" elapsed="0.055396"/>
</kw>
<arg>xpath=//input[@placeholder="เบอร์มือถือ*"]</arg>
<arg>${phone}</arg>
<status status="PASS" start="2026-03-21T05:10:45.956240" elapsed="0.055834"/>
</kw>
<kw name="Wait until element is ready then click element" owner="CommonKeywords">
<kw name="Wait Until Keyword Succeeds" owner="BuiltIn">
<kw name="Click Element" owner="SeleniumLibrary">
<msg time="2026-03-21T05:10:46.013332" level="INFO">Clicking element 'xpath=//span[contains(text(), 'ใช้โค้ดส่วนลด')]'.</msg>
<arg>${locator}</arg>
<doc>Click the element identified by ``locator``.</doc>
<status status="PASS" start="2026-03-21T05:10:46.013047" elapsed="0.043041"/>
</kw>
<arg>5x</arg>
<arg>2s</arg>
<arg>Click Element</arg>
<arg>${locator}</arg>
<doc>Runs the specified keyword and retries if it fails.</doc>
<status status="PASS" start="2026-03-21T05:10:46.012595" elapsed="0.043584"/>
</kw>
<arg>xpath=//span[contains(text(), 'ใช้โค้ดส่วนลด')]</arg>
<status status="PASS" start="2026-03-21T05:10:46.012241" elapsed="0.043995"/>
</kw>
<kw name="Wait until element is ready then input text" owner="CommonKeywords">
<kw name="Wait Until Keyword Succeeds" owner="BuiltIn">
<kw name="Input Text" owner="SeleniumLibrary">
<msg time="2026-03-21T05:10:46.057111" level="INFO">Typing text 'FREE15DAY' into text field 'xpath=//input[@placeholder="รหัสส่วนลด"]'.</msg>
<arg>${locator}</arg>
<arg>${text}</arg>
<doc>Types the given ``text`` into the text field identified by ``locator``.</doc>
<status status="PASS" start="2026-03-21T05:10:46.056962" elapsed="0.040806"/>
</kw>
<arg>5x</arg>
<arg>2s</arg>
<arg>Input Text</arg>
<arg>${locator}</arg>
<arg>${text}</arg>
<doc>Runs the specified keyword and retries if it fails.</doc>
<status status="PASS" start="2026-03-21T05:10:46.056659" elapsed="0.041195"/>
</kw>
<arg>xpath=//input[@placeholder="รหัสส่วนลด"]</arg>
<arg>${Promo Code}</arg>
<status status="PASS" start="2026-03-21T05:10:46.056394" elapsed="0.041516"/>
</kw>
<kw name="Wait until element is ready then click element" owner="CommonKeywords">
<kw name="Wait Until Keyword Succeeds" owner="BuiltIn">
<kw name="Click Element" owner="SeleniumLibrary">
<msg time="2026-03-21T05:10:46.098731" level="INFO">Clicking element 'xpath=//input[@data-testid="input_checkbox_registration_checkbox"]'.</msg>
<arg>${locator}</arg>
<doc>Click the element identified by ``locator``.</doc>
<status status="PASS" start="2026-03-21T05:10:46.098590" elapsed="0.036808"/>
</kw>
<arg>5x</arg>
<arg>2s</arg>
<arg>Click Element</arg>
<arg>${locator}</arg>
<doc>Runs the specified keyword and retries if it fails.</doc>
<status status="PASS" start="2026-03-21T05:10:46.098287" elapsed="0.037250"/>
</kw>
<arg>xpath=//input[@data-testid="input_checkbox_registration_checkbox"]</arg>
<status status="PASS" start="2026-03-21T05:10:46.098056" elapsed="0.037577"/>
</kw>
<kw name="Wait until element is ready then click element" owner="CommonKeywords">
<kw name="Wait Until Keyword Succeeds" owner="BuiltIn">
<kw name="Click Element" owner="SeleniumLibrary">
<msg time="2026-03-21T05:10:46.136530" level="INFO">Clicking element 'xpath=//button[@data-testid="button_submit_registration_try_for_free"]'.</msg>
<arg>${locator}</arg>
<doc>Click the element identified by ``locator``.</doc>
<status status="PASS" start="2026-03-21T05:10:46.136397" elapsed="0.036940"/>
</kw>
<arg>5x</arg>
<arg>2s</arg>
<arg>Click Element</arg>
<arg>${locator}</arg>
<doc>Runs the specified keyword and retries if it fails.</doc>
<status status="PASS" start="2026-03-21T05:10:46.136100" elapsed="0.037320"/>
</kw>
<arg>xpath=//button[@data-testid="button_submit_registration_try_for_free"]</arg>
<status status="PASS" start="2026-03-21T05:10:46.135805" elapsed="0.037671"/>
</kw>
<status status="PASS" start="2026-03-21T05:10:42.094181" elapsed="4.079333"/>
</kw>
<kw name="Then Website should be display notify as &quot;รูปแบบเบอร์โทรศัพท์ไม่ถูกต้อง&quot;" owner="Registerkeywords" source_name="Website should be display notify as &quot;${expexted_message}&quot;">
<kw name="Wait until page contains element then verify text" owner="CommonKeywords">
<kw name="Wait Until Keyword Succeeds" owner="BuiltIn">
<kw name="Page Should Contain" owner="SeleniumLibrary">
<msg time="2026-03-21T05:10:46.183007" level="INFO">Current page contains text 'รูปแบบเบอร์โทรศัพท์ไม่ถูกต้อง'.</msg>
<arg>${expexted_message}</arg>
<doc>Verifies that current page contains ``text``.</doc>
<status status="PASS" start="2026-03-21T05:10:46.174618" elapsed="0.008461"/>
</kw>
<arg>5x</arg>
<arg>2s</arg>
<arg>Page Should Contain</arg>
<arg>${expexted_message}</arg>
<doc>Runs the specified keyword and retries if it fails.</doc>
<status status="PASS" start="2026-03-21T05:10:46.174341" elapsed="0.008797"/>
</kw>
<arg>${expexted_message}</arg>
<status status="PASS" start="2026-03-21T05:10:46.174150" elapsed="0.009038"/>
</kw>
<status status="PASS" start="2026-03-21T05:10:46.173878" elapsed="0.009348"/>
</kw>
<doc>ตรวจสอบการกรอกเบอร์โทรผิดรูปแบบ</doc>
<status status="PASS" start="2026-03-21T05:10:41.600918" elapsed="4.582447"/>
</test>
<test id="s1-t4" name="4.valid credential but OTP to expire" line="36">
<kw name="Go To" owner="SeleniumLibrary" type="SETUP">
<msg time="2026-03-21T05:10:46.184194" level="INFO">Opening url 'https://portal.uat.gofive.co.th/Register/empeo'</msg>
<arg>${baseUrl}</arg>
<doc>Navigates the current browser window to the provided ``url``.</doc>
<status status="PASS" start="2026-03-21T05:10:46.184080" elapsed="0.595845"/>
</kw>
<kw name="When user Register to Empeo platform with ${companyname2}, ${companydetail}, ${userdetail}, ${email}, ${name}, ${lastname}, ${validphone}, ${validPromo Code}" owner="Registerkeywords" source_name="user Register to Empeo platform with ${companyname}, ${companydetail}, ${userdetail}, ${email}, ${name},${lastname}, ${phone}, ${Promo Code}">
<kw name="Wait until element is ready then click element" owner="CommonKeywords">
<kw name="Wait Until Keyword Succeeds" owner="BuiltIn">
<kw name="Click Element" owner="SeleniumLibrary">
<msg time="2026-03-21T05:10:46.781635" level="INFO">Clicking element 'xpath=//label[contains(text(), 'อื่นๆ')]'.</msg>
<msg time="2026-03-21T05:10:47.873485" level="INFO" html="true">&lt;/td&gt;&lt;/tr&gt;&lt;tr&gt;&lt;td colspan="3"&gt;&lt;a href="selenium-screenshot-9.png"&gt;&lt;img src="selenium-screenshot-9.png" width="800px"&gt;&lt;/a&gt;</msg>
<msg time="2026-03-21T05:10:47.873700" level="FAIL">ElementClickInterceptedException: Message: element click intercepted: Element is not clickable at point (256, 905)
  (Session info: chrome=146.0.7680.154); For documentation on this error, please visit: https://www.selenium.dev/documentation/webdriver/troubleshooting/errors#elementclickinterceptedexception
Stacktrace:
	chromedriver!GetHandleVerifier [0x7ff71f653045+14585]
	chromedriver!GetHandleVerifier [0x7ff71f6530b0+145f0]
	chromedriver!(No symbol) [0x7ff71f3bdb7d]
	chromedriver!(No symbol) [0x7ff71f41f8e5]
	chromedriver!(No symbol) [0x7ff71f41cffa]
	chromedriver!(No symbol) [0x7ff71f419e95]
	chromedriver!(No symbol) [0x7ff71f418d47]
	chromedriver!(No symbol) [0x7ff71f40b8f6]
	chromedriver!(No symbol) [0x7ff71f44069a]
	chromedriver!(No symbol) [0x7ff71f40b176]
	chromedriver!(No symbol) [0x7ff71f4645af]
	chromedriver!(No symbol) [0x7ff71f409a18]
	chromedriver!(No symbol) [0x7ff71f40a8f3]
	chromedriver!GetHandleVerifier [0x7ff71f95ac5d+31c19d]
	chromedriver!GetHandleVerifier [0x7ff71f95536d+3168ad]
	chromedriver!GetHandleVerifier [0x7ff71f977d8a+3392ca]
	chromedriver!GetHandleVerifier [0x7ff71f66f445+30985]
	chromedriver!GetHandleVerifier [0x7ff71f6784dc+39a1c]
	chromedriver!GetHandleVerifier [0x7ff71f65c634+1db74]
	chromedriver!GetHandleVerifier [0x7ff71f65c7e6+1dd26]
	chromedriver!GetHandleVerifier [0x7ff71f641387+28c7]
	KERNEL32!BaseThreadInitThunk [0x7ffc23d4e8d7+17]
	ntdll!RtlUserThreadStart [0x7ffc25aac48c+2c]
</msg>
<arg>${locator}</arg>
<doc>Click the element identified by ``locator``.</doc>
<status status="FAIL" start="2026-03-21T05:10:46.781491" elapsed="1.093298">ElementClickInterceptedException: Message: element click intercepted: Element is not clickable at point (256, 905)
  (Session info: chrome=146.0.7680.154); For documentation on this error, please visit: https://www.selenium.dev/documentation/webdriver/troubleshooting/errors#elementclickinterceptedexception
Stacktrace:
	chromedriver!GetHandleVerifier [0x7ff71f653045+14585]
	chromedriver!GetHandleVerifier [0x7ff71f6530b0+145f0]
	chromedriver!(No symbol) [0x7ff71f3bdb7d]
	chromedriver!(No symbol) [0x7ff71f41f8e5]
	chromedriver!(No symbol) [0x7ff71f41cffa]
	chromedriver!(No symbol) [0x7ff71f419e95]
	chromedriver!(No symbol) [0x7ff71f418d47]
	chromedriver!(No symbol) [0x7ff71f40b8f6]
	chromedriver!(No symbol) [0x7ff71f44069a]
	chromedriver!(No symbol) [0x7ff71f40b176]
	chromedriver!(No symbol) [0x7ff71f4645af]
	chromedriver!(No symbol) [0x7ff71f409a18]
	chromedriver!(No symbol) [0x7ff71f40a8f3]
	chromedriver!GetHandleVerifier [0x7ff71f95ac5d+31c19d]
	chromedriver!GetHandleVerifier [0x7ff71f95536d+3168ad]
	chromedriver!GetHandleVerifier [0x7ff71f977d8a+3392ca]
	chromedriver!GetHandleVerifier [0x7ff71f66f445+30985]
	chromedriver!GetHandleVerifier [0x7ff71f6784dc+39a1c]
	chromedriver!GetHandleVerifier [0x7ff71f65c634+1db74]
	chromedriver!GetHandleVerifier [0x7ff71f65c7e6+1dd26]
	chromedriver!GetHandleVerifier [0x7ff71f641387+28c7]
	KERNEL32!BaseThreadInitThunk [0x7ffc23d4e8d7+17]
	ntdll!RtlUserThreadStart [0x7ffc25aac48c+2c]
</status>
</kw>
<kw name="Click Element" owner="SeleniumLibrary">
<msg time="2026-03-21T05:10:49.875965" level="INFO">Clicking element 'xpath=//label[contains(text(), 'อื่นๆ')]'.</msg>
<arg>${locator}</arg>
<doc>Click the element identified by ``locator``.</doc>
<status status="PASS" start="2026-03-21T05:10:49.875569" elapsed="0.067014"/>
</kw>
<arg>5x</arg>
<arg>2s</arg>
<arg>Click Element</arg>
<arg>${locator}</arg>
<doc>Runs the specified keyword and retries if it fails.</doc>
<status status="PASS" start="2026-03-21T05:10:46.781188" elapsed="3.161521"/>
</kw>
<arg>xpath=//label[contains(text(), 'อื่นๆ')]</arg>
<status status="PASS" start="2026-03-21T05:10:46.780992" elapsed="3.161808"/>
</kw>
<kw name="Wait until element is ready then input text" owner="CommonKeywords">
<kw name="Wait Until Keyword Succeeds" owner="BuiltIn">
<kw name="Input Text" owner="SeleniumLibrary">
<msg time="2026-03-21T05:10:49.944108" level="INFO">Typing text 'TestCompp22' into text field 'xpath=//input[@placeholder="ชื่อบริษัท*"]'.</msg>
<arg>${locator}</arg>
<arg>${text}</arg>
<doc>Types the given ``text`` into the text field identified by ``locator``.</doc>
<status status="PASS" start="2026-03-21T05:10:49.943865" elapsed="0.084229"/>
</kw>
<arg>5x</arg>
<arg>2s</arg>
<arg>Input Text</arg>
<arg>${locator}</arg>
<arg>${text}</arg>
<doc>Runs the specified keyword and retries if it fails.</doc>
<status status="PASS" start="2026-03-21T05:10:49.943293" elapsed="0.084895"/>
</kw>
<arg>xpath=//input[@placeholder="ชื่อบริษัท*"]</arg>
<arg>${companyname}</arg>
<status status="PASS" start="2026-03-21T05:10:49.942990" elapsed="0.085260"/>
</kw>
<kw name="Wait until element is ready then select dropdown" owner="CommonKeywords">
<kw name="Wait Until Keyword Succeeds" owner="BuiltIn">
<kw name="Click Element" owner="SeleniumLibrary">
<msg time="2026-03-21T05:10:50.029131" level="INFO">Clicking element 'xpath=//go5-dropdown-selection[@data-testid="dropdown_selection_registration_company_type"]'.</msg>
<arg>${dropdown_locator}</arg>
<doc>Click the element identified by ``locator``.</doc>
<status status="PASS" start="2026-03-21T05:10:50.028992" elapsed="0.049677"/>
</kw>
<arg>5x</arg>
<arg>2s</arg>
<arg>Click Element</arg>
<arg>${dropdown_locator}</arg>
<doc>Runs the specified keyword and retries if it fails.</doc>
<status status="PASS" start="2026-03-21T05:10:50.028689" elapsed="0.050092"/>
</kw>
<kw name="Set Variable" owner="BuiltIn">
<msg time="2026-03-21T05:10:50.079228" level="INFO">${target_option} = xpath=//*[contains(@class, 'go5-dropdown-item')]//*[normalize-space()='ซอฟต์แวร์ การพัฒนาแอพ']</msg>
<var>${target_option}</var>
<arg>xpath=//*[contains(@class, 'go5-dropdown-item')]//*[normalize-space()='${option_text}']</arg>
<doc>Returns the given values which can then be assigned to a variables.</doc>
<status status="PASS" start="2026-03-21T05:10:50.078938" elapsed="0.000315"/>
</kw>
<kw name="Wait Until Element Is Visible" owner="SeleniumLibrary">
<arg>${target_option}</arg>
<arg>timeout=5s</arg>
<doc>Waits until the element ``locator`` is visible.</doc>
<status status="PASS" start="2026-03-21T05:10:50.079354" elapsed="0.219655"/>
</kw>
<kw name="Wait Until Keyword Succeeds" owner="BuiltIn">
<kw name="Click Element" owner="SeleniumLibrary">
<msg time="2026-03-21T05:10:50.299643" level="INFO">Clicking element 'xpath=//*[contains(@class, 'go5-dropdown-item')]//*[normalize-space()='ซอฟต์แวร์ การพัฒนาแอพ']'.</msg>
<arg>${target_option}</arg>
<doc>Click the element identified by ``locator``.</doc>
<status status="PASS" start="2026-03-21T05:10:50.299499" elapsed="0.034576"/>
</kw>
<arg>5x</arg>
<arg>2s</arg>
<arg>Click Element</arg>
<arg>${target_option}</arg>
<doc>Runs the specified keyword and retries if it fails.</doc>
<status status="PASS" start="2026-03-21T05:10:50.299173" elapsed="0.035041"/>
</kw>
<arg>xpath=//go5-dropdown-selection[@data-testid="dropdown_selection_registration_company_type"]</arg>
<arg>${companydetail}</arg>
<status status="PASS" start="2026-03-21T05:10:50.028416" elapsed="0.305895"/>
</kw>
<kw name="Wait until element is ready then select dropdown" owner="CommonKeywords">
<kw name="Wait Until Keyword Succeeds" owner="BuiltIn">
<kw name="Click Element" owner="SeleniumLibrary">
<msg time="2026-03-21T05:10:50.335287" level="INFO">Clicking element 'xpath=//go5-dropdown-selection[@data-testid="dropdown_selection_registration_user_amount"]'.</msg>
<arg>${dropdown_locator}</arg>
<doc>Click the element identified by ``locator``.</doc>
<status status="PASS" start="2026-03-21T05:10:50.335144" elapsed="0.046499"/>
</kw>
<arg>5x</arg>
<arg>2s</arg>
<arg>Click Element</arg>
<arg>${dropdown_locator}</arg>
<doc>Runs the specified keyword and retries if it fails.</doc>
<status status="PASS" start="2026-03-21T05:10:50.334843" elapsed="0.046915"/>
</kw>
<kw name="Set Variable" owner="BuiltIn">
<msg time="2026-03-21T05:10:50.382319" level="INFO">${target_option} = xpath=//*[contains(@class, 'go5-dropdown-item')]//*[normalize-space()='101-200']</msg>
<var>${target_option}</var>
<arg>xpath=//*[contains(@class, 'go5-dropdown-item')]//*[normalize-space()='${option_text}']</arg>
<doc>Returns the given values which can then be assigned to a variables.</doc>
<status status="PASS" start="2026-03-21T05:10:50.381929" elapsed="0.000424"/>
</kw>
<kw name="Wait Until Element Is Visible" owner="SeleniumLibrary">
<arg>${target_option}</arg>
<arg>timeout=5s</arg>
<doc>Waits until the element ``locator`` is visible.</doc>
<status status="PASS" start="2026-03-21T05:10:50.382510" elapsed="0.216719"/>
</kw>
<kw name="Wait Until Keyword Succeeds" owner="BuiltIn">
<kw name="Click Element" owner="SeleniumLibrary">
<msg time="2026-03-21T05:10:50.599918" level="INFO">Clicking element 'xpath=//*[contains(@class, 'go5-dropdown-item')]//*[normalize-space()='101-200']'.</msg>
<arg>${target_option}</arg>
<doc>Click the element identified by ``locator``.</doc>
<status status="PASS" start="2026-03-21T05:10:50.599728" elapsed="0.041774"/>
</kw>
<arg>5x</arg>
<arg>2s</arg>
<arg>Click Element</arg>
<arg>${target_option}</arg>
<doc>Runs the specified keyword and retries if it fails.</doc>
<status status="PASS" start="2026-03-21T05:10:50.599393" elapsed="0.042188"/>
</kw>
<arg>xpath=//go5-dropdown-selection[@data-testid="dropdown_selection_registration_user_amount"]</arg>
<arg>${userdetail}</arg>
<status status="PASS" start="2026-03-21T05:10:50.334524" elapsed="0.307113"/>
</kw>
<kw name="Wait until element is ready then input text" owner="CommonKeywords">
<kw name="Wait Until Keyword Succeeds" owner="BuiltIn">
<kw name="Input Text" owner="SeleniumLibrary">
<msg time="2026-03-21T05:10:50.642476" level="INFO">Typing text 'TestEmail1ss@gmail.com' into text field 'xpath=//input[@placeholder="อีเมล*"]'.</msg>
<arg>${locator}</arg>
<arg>${text}</arg>
<doc>Types the given ``text`` into the text field identified by ``locator``.</doc>
<status status="PASS" start="2026-03-21T05:10:50.642332" elapsed="0.051200"/>
</kw>
<arg>5x</arg>
<arg>2s</arg>
<arg>Input Text</arg>
<arg>${locator}</arg>
<arg>${text}</arg>
<doc>Runs the specified keyword and retries if it fails.</doc>
<status status="PASS" start="2026-03-21T05:10:50.642044" elapsed="0.051622"/>
</kw>
<arg>xpath=//input[@placeholder="อีเมล*"]</arg>
<arg>${email}</arg>
<status status="PASS" start="2026-03-21T05:10:50.641781" elapsed="0.051980"/>
</kw>
<kw name="Wait until element is ready then input text" owner="CommonKeywords">
<kw name="Wait Until Keyword Succeeds" owner="BuiltIn">
<kw name="Input Text" owner="SeleniumLibrary">
<msg time="2026-03-21T05:10:50.695137" level="INFO">Typing text 'Teeradech' into text field 'xpath=//input[@placeholder="ชื่อ*"]'.</msg>
<arg>${locator}</arg>
<arg>${text}</arg>
<doc>Types the given ``text`` into the text field identified by ``locator``.</doc>
<status status="PASS" start="2026-03-21T05:10:50.694899" elapsed="0.063655"/>
</kw>
<arg>5x</arg>
<arg>2s</arg>
<arg>Input Text</arg>
<arg>${locator}</arg>
<arg>${text}</arg>
<doc>Runs the specified keyword and retries if it fails.</doc>
<status status="PASS" start="2026-03-21T05:10:50.694418" elapsed="0.064253"/>
</kw>
<arg>xpath=//input[@placeholder="ชื่อ*"]</arg>
<arg>${name}</arg>
<status status="PASS" start="2026-03-21T05:10:50.693984" elapsed="0.064772"/>
</kw>
<kw name="Wait until element is ready then input text" owner="CommonKeywords">
<kw name="Wait Until Keyword Succeeds" owner="BuiltIn">
<kw name="Input Text" owner="SeleniumLibrary">
<msg time="2026-03-21T05:10:50.759869" level="INFO">Typing text ' Charoenpol' into text field 'xpath=//input[@placeholder="นามสกุล*"]'.</msg>
<arg>${locator}</arg>
<arg>${text}</arg>
<doc>Types the given ``text`` into the text field identified by ``locator``.</doc>
<status status="PASS" start="2026-03-21T05:10:50.759699" elapsed="0.051615"/>
</kw>
<arg>5x</arg>
<arg>2s</arg>
<arg>Input Text</arg>
<arg>${locator}</arg>
<arg>${text}</arg>
<doc>Runs the specified keyword and retries if it fails.</doc>
<status status="PASS" start="2026-03-21T05:10:50.759236" elapsed="0.052281"/>
</kw>
<arg>xpath=//input[@placeholder="นามสกุล*"]</arg>
<arg>${lastName}</arg>
<status status="PASS" start="2026-03-21T05:10:50.758941" elapsed="0.052707"/>
</kw>
<kw name="Wait until element is ready then input text" owner="CommonKeywords">
<kw name="Wait Until Keyword Succeeds" owner="BuiltIn">
<kw name="Input Text" owner="SeleniumLibrary">
<msg time="2026-03-21T05:10:50.812683" level="INFO">Typing text '0967690708' into text field 'xpath=//input[@placeholder="เบอร์มือถือ*"]'.</msg>
<arg>${locator}</arg>
<arg>${text}</arg>
<doc>Types the given ``text`` into the text field identified by ``locator``.</doc>
<status status="PASS" start="2026-03-21T05:10:50.812510" elapsed="0.058491"/>
</kw>
<arg>5x</arg>
<arg>2s</arg>
<arg>Input Text</arg>
<arg>${locator}</arg>
<arg>${text}</arg>
<doc>Runs the specified keyword and retries if it fails.</doc>
<status status="PASS" start="2026-03-21T05:10:50.812145" elapsed="0.058937"/>
</kw>
<arg>xpath=//input[@placeholder="เบอร์มือถือ*"]</arg>
<arg>${phone}</arg>
<status status="PASS" start="2026-03-21T05:10:50.811877" elapsed="0.059258"/>
</kw>
<kw name="Wait until element is ready then click element" owner="CommonKeywords">
<kw name="Wait Until Keyword Succeeds" owner="BuiltIn">
<kw name="Click Element" owner="SeleniumLibrary">
<msg time="2026-03-21T05:10:50.871997" level="INFO">Clicking element 'xpath=//span[contains(text(), 'ใช้โค้ดส่วนลด')]'.</msg>
<arg>${locator}</arg>
<doc>Click the element identified by ``locator``.</doc>
<status status="PASS" start="2026-03-21T05:10:50.871852" elapsed="0.037110"/>
</kw>
<arg>5x</arg>
<arg>2s</arg>
<arg>Click Element</arg>
<arg>${locator}</arg>
<doc>Runs the specified keyword and retries if it fails.</doc>
<status status="PASS" start="2026-03-21T05:10:50.871528" elapsed="0.037558"/>
</kw>
<arg>xpath=//span[contains(text(), 'ใช้โค้ดส่วนลด')]</arg>
<status status="PASS" start="2026-03-21T05:10:50.871285" elapsed="0.037889"/>
</kw>
<kw name="Wait until element is ready then input text" owner="CommonKeywords">
<kw name="Wait Until Keyword Succeeds" owner="BuiltIn">
<kw name="Input Text" owner="SeleniumLibrary">
<msg time="2026-03-21T05:10:50.910444" level="INFO">Typing text 'FREE15DAY' into text field 'xpath=//input[@placeholder="รหัสส่วนลด"]'.</msg>
<arg>${locator}</arg>
<arg>${text}</arg>
<doc>Types the given ``text`` into the text field identified by ``locator``.</doc>
<status status="PASS" start="2026-03-21T05:10:50.910212" elapsed="0.044602"/>
</kw>
<arg>5x</arg>
<arg>2s</arg>
<arg>Input Text</arg>
<arg>${locator}</arg>
<arg>${text}</arg>
<doc>Runs the specified keyword and retries if it fails.</doc>
<status status="PASS" start="2026-03-21T05:10:50.909769" elapsed="0.045129"/>
</kw>
<arg>xpath=//input[@placeholder="รหัสส่วนลด"]</arg>
<arg>${Promo Code}</arg>
<status status="PASS" start="2026-03-21T05:10:50.909372" elapsed="0.045586"/>
</kw>
<kw name="Wait until element is ready then click element" owner="CommonKeywords">
<kw name="Wait Until Keyword Succeeds" owner="BuiltIn">
<kw name="Click Element" owner="SeleniumLibrary">
<msg time="2026-03-21T05:10:50.955881" level="INFO">Clicking element 'xpath=//input[@data-testid="input_checkbox_registration_checkbox"]'.</msg>
<arg>${locator}</arg>
<doc>Click the element identified by ``locator``.</doc>
<status status="PASS" start="2026-03-21T05:10:50.955732" elapsed="0.037716"/>
</kw>
<arg>5x</arg>
<arg>2s</arg>
<arg>Click Element</arg>
<arg>${locator}</arg>
<doc>Runs the specified keyword and retries if it fails.</doc>
<status status="PASS" start="2026-03-21T05:10:50.955371" elapsed="0.038163"/>
</kw>
<arg>xpath=//input[@data-testid="input_checkbox_registration_checkbox"]</arg>
<status status="PASS" start="2026-03-21T05:10:50.955110" elapsed="0.038479"/>
</kw>
[...]
</kw>
<kw name="Set Variable" owner="BuiltIn">
<msg time="2026-03-21T05:12:22.240809" level="INFO">${target_option} = xpath=//*[contains(@class, 'go5-dropdown-item')]//*[normalize-space()='ซอฟต์แวร์ การพัฒนาแอพ']</msg>
<var>${target_option}</var>
<arg>xpath=//*[contains(@class, 'go5-dropdown-item')]//*[normalize-space()='${option_text}']</arg>
<doc>Returns the given values which can then be assigned to a variables.</doc>
<status status="PASS" start="2026-03-21T05:12:22.240479" elapsed="0.000360"/>
</kw>
<kw name="Wait Until Element Is Visible" owner="SeleniumLibrary">
<arg>${target_option}</arg>
<arg>timeout=5s</arg>
<doc>Waits until the element ``locator`` is visible.</doc>
<status status="PASS" start="2026-03-21T05:12:22.240971" elapsed="0.223108"/>
</kw>
<kw name="Wait Until Keyword Succeeds" owner="BuiltIn">
<kw name="Click Element" owner="SeleniumLibrary">
<msg time="2026-03-21T05:12:22.464919" level="INFO">Clicking element 'xpath=//*[contains(@class, 'go5-dropdown-item')]//*[normalize-space()='ซอฟต์แวร์ การพัฒนาแอพ']'.</msg>
<arg>${target_option}</arg>
<doc>Click the element identified by ``locator``.</doc>
<status status="PASS" start="2026-03-21T05:12:22.464761" elapsed="0.036134"/>
</kw>
<arg>5x</arg>
<arg>2s</arg>
<arg>Click Element</arg>
<arg>${target_option}</arg>
<doc>Runs the specified keyword and retries if it fails.</doc>
<status status="PASS" start="2026-03-21T05:12:22.464248" elapsed="0.036736"/>
</kw>
<arg>xpath=//go5-dropdown-selection[@data-testid="dropdown_selection_registration_company_type"]</arg>
<arg>${companydetail}</arg>
<status status="PASS" start="2026-03-21T05:12:22.181290" elapsed="0.319746"/>
</kw>
<kw name="Wait until element is ready then select dropdown" owner="CommonKeywords">
<kw name="Wait Until Keyword Succeeds" owner="BuiltIn">
<kw name="Click Element" owner="SeleniumLibrary">
<msg time="2026-03-21T05:12:22.501843" level="INFO">Clicking element 'xpath=//go5-dropdown-selection[@data-testid="dropdown_selection_registration_user_amount"]'.</msg>
<arg>${dropdown_locator}</arg>
<doc>Click the element identified by ``locator``.</doc>
<status status="PASS" start="2026-03-21T05:12:22.501716" elapsed="0.049713"/>
</kw>
<arg>5x</arg>
<arg>2s</arg>
<arg>Click Element</arg>
<arg>${dropdown_locator}</arg>
<doc>Runs the specified keyword and retries if it fails.</doc>
<status status="PASS" start="2026-03-21T05:12:22.501431" elapsed="0.050080"/>
</kw>
<kw name="Set Variable" owner="BuiltIn">
<msg time="2026-03-21T05:12:22.551903" level="INFO">${target_option} = xpath=//*[contains(@class, 'go5-dropdown-item')]//*[normalize-space()='101-200']</msg>
<var>${target_option}</var>
<arg>xpath=//*[contains(@class, 'go5-dropdown-item')]//*[normalize-space()='${option_text}']</arg>
<doc>Returns the given values which can then be assigned to a variables.</doc>
<status status="PASS" start="2026-03-21T05:12:22.551633" elapsed="0.000330"/>
</kw>
<kw name="Wait Until Element Is Visible" owner="SeleniumLibrary">
<arg>${target_option}</arg>
<arg>timeout=5s</arg>
<doc>Waits until the element ``locator`` is visible.</doc>
<status status="PASS" start="2026-03-21T05:12:22.552099" elapsed="0.215119"/>
</kw>
<kw name="Wait Until Keyword Succeeds" owner="BuiltIn">
<kw name="Click Element" owner="SeleniumLibrary">
<msg time="2026-03-21T05:12:22.768017" level="INFO">Clicking element 'xpath=//*[contains(@class, 'go5-dropdown-item')]//*[normalize-space()='101-200']'.</msg>
<arg>${target_option}</arg>
<doc>Click the element identified by ``locator``.</doc>
<status status="PASS" start="2026-03-21T05:12:22.767755" elapsed="0.068391"/>
</kw>
<arg>5x</arg>
<arg>2s</arg>
<arg>Click Element</arg>
<arg>${target_option}</arg>
<doc>Runs the specified keyword and retries if it fails.</doc>
<status status="PASS" start="2026-03-21T05:12:22.767374" elapsed="0.068852"/>
</kw>
<arg>xpath=//go5-dropdown-selection[@data-testid="dropdown_selection_registration_user_amount"]</arg>
<arg>${userdetail}</arg>
<status status="PASS" start="2026-03-21T05:12:22.501185" elapsed="0.335097"/>
</kw>
<kw name="Wait until element is ready then input text" owner="CommonKeywords">
<kw name="Wait Until Keyword Succeeds" owner="BuiltIn">
<kw name="Input Text" owner="SeleniumLibrary">
<msg time="2026-03-21T05:12:22.837200" level="INFO">Typing text 'TestEmail2ss@gmail.com' into text field 'xpath=//input[@placeholder="อีเมล*"]'.</msg>
<arg>${locator}</arg>
<arg>${text}</arg>
<doc>Types the given ``text`` into the text field identified by ``locator``.</doc>
<status status="PASS" start="2026-03-21T05:12:22.837027" elapsed="0.063840"/>
</kw>
<arg>5x</arg>
<arg>2s</arg>
<arg>Input Text</arg>
<arg>${locator}</arg>
<arg>${text}</arg>
<doc>Runs the specified keyword and retries if it fails.</doc>
<status status="PASS" start="2026-03-21T05:12:22.836691" elapsed="0.064407"/>
</kw>
<arg>xpath=//input[@placeholder="อีเมล*"]</arg>
<arg>${email}</arg>
<status status="PASS" start="2026-03-21T05:12:22.836430" elapsed="0.064731"/>
</kw>
<kw name="Wait until element is ready then input text" owner="CommonKeywords">
<kw name="Wait Until Keyword Succeeds" owner="BuiltIn">
<kw name="Input Text" owner="SeleniumLibrary">
<msg time="2026-03-21T05:12:22.902274" level="INFO">Typing text 'Teeradech' into text field 'xpath=//input[@placeholder="ชื่อ*"]'.</msg>
<arg>${locator}</arg>
<arg>${text}</arg>
<doc>Types the given ``text`` into the text field identified by ``locator``.</doc>
<status status="PASS" start="2026-03-21T05:12:22.902089" elapsed="0.042050"/>
</kw>
<arg>5x</arg>
<arg>2s</arg>
<arg>Input Text</arg>
<arg>${locator}</arg>
<arg>${text}</arg>
<doc>Runs the specified keyword and retries if it fails.</doc>
<status status="PASS" start="2026-03-21T05:12:22.901554" elapsed="0.042748"/>
</kw>
<arg>xpath=//input[@placeholder="ชื่อ*"]</arg>
<arg>${name}</arg>
<status status="PASS" start="2026-03-21T05:12:22.901306" elapsed="0.043087"/>
</kw>
<kw name="Wait until element is ready then input text" owner="CommonKeywords">
<kw name="Wait Until Keyword Succeeds" owner="BuiltIn">
<kw name="Input Text" owner="SeleniumLibrary">
<msg time="2026-03-21T05:12:22.945248" level="INFO">Typing text ' Charoenpol' into text field 'xpath=//input[@placeholder="นามสกุล*"]'.</msg>
<arg>${locator}</arg>
<arg>${text}</arg>
<doc>Types the given ``text`` into the text field identified by ``locator``.</doc>
<status status="PASS" start="2026-03-21T05:12:22.945104" elapsed="0.046527"/>
</kw>
<arg>5x</arg>
<arg>2s</arg>
<arg>Input Text</arg>
<arg>${locator}</arg>
<arg>${text}</arg>
<doc>Runs the specified keyword and retries if it fails.</doc>
<status status="PASS" start="2026-03-21T05:12:22.944812" elapsed="0.046913"/>
</kw>
<arg>xpath=//input[@placeholder="นามสกุล*"]</arg>
<arg>${lastName}</arg>
<status status="PASS" start="2026-03-21T05:12:22.944558" elapsed="0.047224"/>
</kw>
<kw name="Wait until element is ready then input text" owner="CommonKeywords">
<kw name="Wait Until Keyword Succeeds" owner="BuiltIn">
<kw name="Input Text" owner="SeleniumLibrary">
<msg time="2026-03-21T05:12:22.993207" level="INFO">Typing text '0967690708' into text field 'xpath=//input[@placeholder="เบอร์มือถือ*"]'.</msg>
<arg>${locator}</arg>
<arg>${text}</arg>
<doc>Types the given ``text`` into the text field identified by ``locator``.</doc>
<status status="PASS" start="2026-03-21T05:12:22.992988" elapsed="0.058847"/>
</kw>
<arg>5x</arg>
<arg>2s</arg>
<arg>Input Text</arg>
<arg>${locator}</arg>
<arg>${text}</arg>
<doc>Runs the specified keyword and retries if it fails.</doc>
<status status="PASS" start="2026-03-21T05:12:22.992538" elapsed="0.059387"/>
</kw>
<arg>xpath=//input[@placeholder="เบอร์มือถือ*"]</arg>
<arg>${phone}</arg>
<status status="PASS" start="2026-03-21T05:12:22.991938" elapsed="0.060054"/>
</kw>
<kw name="Wait until element is ready then click element" owner="CommonKeywords">
<kw name="Wait Until Keyword Succeeds" owner="BuiltIn">
<kw name="Click Element" owner="SeleniumLibrary">
<msg time="2026-03-21T05:12:23.053260" level="INFO">Clicking element 'xpath=//span[contains(text(), 'ใช้โค้ดส่วนลด')]'.</msg>
<arg>${locator}</arg>
<doc>Click the element identified by ``locator``.</doc>
<status status="PASS" start="2026-03-21T05:12:23.053056" elapsed="0.063779"/>
</kw>
<arg>5x</arg>
<arg>2s</arg>
<arg>Click Element</arg>
<arg>${locator}</arg>
<doc>Runs the specified keyword and retries if it fails.</doc>
<status status="PASS" start="2026-03-21T05:12:23.052611" elapsed="0.064332"/>
</kw>
<arg>xpath=//span[contains(text(), 'ใช้โค้ดส่วนลด')]</arg>
<status status="PASS" start="2026-03-21T05:12:23.052147" elapsed="0.065046"/>
</kw>
<kw name="Wait until element is ready then input text" owner="CommonKeywords">
<kw name="Wait Until Keyword Succeeds" owner="BuiltIn">
<kw name="Input Text" owner="SeleniumLibrary">
<msg time="2026-03-21T05:12:23.118296" level="INFO">Typing text 'FALSEPROMOCODE' into text field 'xpath=//input[@placeholder="รหัสส่วนลด"]'.</msg>
<arg>${locator}</arg>
<arg>${text}</arg>
<doc>Types the given ``text`` into the text field identified by ``locator``.</doc>
<status status="PASS" start="2026-03-21T05:12:23.118150" elapsed="0.042461"/>
</kw>
<arg>5x</arg>
<arg>2s</arg>
<arg>Input Text</arg>
<arg>${locator}</arg>
<arg>${text}</arg>
<doc>Runs the specified keyword and retries if it fails.</doc>
<status status="PASS" start="2026-03-21T05:12:23.117822" elapsed="0.042905"/>
</kw>
<arg>xpath=//input[@placeholder="รหัสส่วนลด"]</arg>
<arg>${Promo Code}</arg>
<status status="PASS" start="2026-03-21T05:12:23.117521" elapsed="0.043294"/>
</kw>
<kw name="Wait until element is ready then click element" owner="CommonKeywords">
<kw name="Wait Until Keyword Succeeds" owner="BuiltIn">
<kw name="Click Element" owner="SeleniumLibrary">
<msg time="2026-03-21T05:12:23.161764" level="INFO">Clicking element 'xpath=//input[@data-testid="input_checkbox_registration_checkbox"]'.</msg>
<arg>${locator}</arg>
<doc>Click the element identified by ``locator``.</doc>
<status status="PASS" start="2026-03-21T05:12:23.161626" elapsed="0.062034"/>
</kw>
<arg>5x</arg>
<arg>2s</arg>
<arg>Click Element</arg>
<arg>${locator}</arg>
<doc>Runs the specified keyword and retries if it fails.</doc>
<status status="PASS" start="2026-03-21T05:12:23.161323" elapsed="0.062418"/>
</kw>
<arg>xpath=//input[@data-testid="input_checkbox_registration_checkbox"]</arg>
<status status="PASS" start="2026-03-21T05:12:23.161012" elapsed="0.062781"/>
</kw>
<kw name="Wait until element is ready then click element" owner="CommonKeywords">
<kw name="Wait Until Keyword Succeeds" owner="BuiltIn">
<kw name="Click Element" owner="SeleniumLibrary">
<msg time="2026-03-21T05:12:23.224611" level="INFO">Clicking element 'xpath=//button[@data-testid="button_submit_registration_try_for_free"]'.</msg>
<arg>${locator}</arg>
<doc>Click the element identified by ``locator``.</doc>
<status status="PASS" start="2026-03-21T05:12:23.224482" elapsed="0.041956"/>
</kw>
<arg>5x</arg>
<arg>2s</arg>
<arg>Click Element</arg>
<arg>${locator}</arg>
<doc>Runs the specified keyword and retries if it fails.</doc>
<status status="PASS" start="2026-03-21T05:12:23.224181" elapsed="0.042332"/>
</kw>
<arg>xpath=//button[@data-testid="button_submit_registration_try_for_free"]</arg>
<status status="PASS" start="2026-03-21T05:12:23.223932" elapsed="0.042639"/>
</kw>
<status status="PASS" start="2026-03-21T05:12:18.891712" elapsed="4.374897"/>
</kw>
<kw name="And Input OTP Code ${validOTP}" owner="Registerkeywords" source_name="Input OTP Code ${OTP}">
<kw name="Wait until element is ready then click element" owner="CommonKeywords">
<kw name="Wait Until Keyword Succeeds" owner="BuiltIn">
<kw name="Click Element" owner="SeleniumLibrary">
<msg time="2026-03-21T05:12:23.268137" level="INFO">Clicking element 'xpath=//input[starts-with(@id, 'otp_0')]'.</msg>
<msg time="2026-03-21T05:12:23.335134" level="INFO" html="true">&lt;/td&gt;&lt;/tr&gt;&lt;tr&gt;&lt;td colspan="3"&gt;&lt;a href="selenium-screenshot-32.png"&gt;&lt;img src="selenium-screenshot-32.png" width="800px"&gt;&lt;/a&gt;</msg>
<msg time="2026-03-21T05:12:23.335278" level="FAIL">Element with locator 'xpath=//input[starts-with(@id, 'otp_0')]' not found.</msg>
<arg>${locator}</arg>
<doc>Click the element identified by ``locator``.</doc>
<status status="FAIL" start="2026-03-21T05:12:23.267967" elapsed="0.068133">Element with locator 'xpath=//input[starts-with(@id, 'otp_0')]' not found.</status>
</kw>
<kw name="Click Element" owner="SeleniumLibrary">
<msg time="2026-03-21T05:12:25.336729" level="INFO">Clicking element 'xpath=//input[starts-with(@id, 'otp_0')]'.</msg>
<arg>${locator}</arg>
<doc>Click the element identified by ``locator``.</doc>
<status status="PASS" start="2026-03-21T05:12:25.336399" elapsed="0.062837"/>
</kw>
<arg>5x</arg>
<arg>2s</arg>
<arg>Click Element</arg>
<arg>${locator}</arg>
<doc>Runs the specified keyword and retries if it fails.</doc>
<status status="PASS" start="2026-03-21T05:12:23.267600" elapsed="2.131737"/>
</kw>
<arg>xpath=//input[starts-with(@id, 'otp_0')]</arg>
<status status="PASS" start="2026-03-21T05:12:23.267349" elapsed="2.132046"/>
</kw>
<kw name="Press Keys" owner="SeleniumLibrary">
<msg time="2026-03-21T05:12:25.399822" level="INFO">Sending key(s) ('123456',) to page.</msg>
<msg time="2026-03-21T05:12:25.399879" level="INFO">Sending keys 123456</msg>
<arg>None</arg>
<arg>${OTP}</arg>
<doc>Simulates the user pressing key(s) to an element or on the active browser.</doc>
<status status="PASS" start="2026-03-21T05:12:25.399519" elapsed="0.060269"/>
</kw>
<kw name="Wait until element is ready then click element" owner="CommonKeywords">
<kw name="Wait Until Keyword Succeeds" owner="BuiltIn">
<kw name="Click Element" owner="SeleniumLibrary">
<msg time="2026-03-21T05:12:25.460665" level="INFO">Clicking element 'xpath=//button[@data-testid="button_button_registration_verify"]'.</msg>
<arg>${locator}</arg>
<doc>Click the element identified by ``locator``.</doc>
<status status="PASS" start="2026-03-21T05:12:25.460530" elapsed="0.043421"/>
</kw>
<arg>5x</arg>
<arg>2s</arg>
<arg>Click Element</arg>
<arg>${locator}</arg>
<doc>Runs the specified keyword and retries if it fails.</doc>
<status status="PASS" start="2026-03-21T05:12:25.460232" elapsed="0.043800"/>
</kw>
<arg>xpath=//button[@data-testid="button_button_registration_verify"]</arg>
<status status="PASS" start="2026-03-21T05:12:25.459996" elapsed="0.044089"/>
</kw>
<status status="PASS" start="2026-03-21T05:12:23.266995" elapsed="2.237125"/>
</kw>
<kw name="Then Website should be display notify as &quot;Promocode ผิด&quot;" owner="Registerkeywords" source_name="Website should be display notify as &quot;${expexted_message}&quot;">
<kw name="Wait until page contains element then verify text" owner="CommonKeywords">
<kw name="Wait Until Keyword Succeeds" owner="BuiltIn">
<kw name="Page Should Contain" owner="SeleniumLibrary">
<msg time="2026-03-21T05:12:25.602108" level="INFO" html="true">&lt;/td&gt;&lt;/tr&gt;&lt;tr&gt;&lt;td colspan="3"&gt;&lt;a href="selenium-screenshot-33.png"&gt;&lt;img src="selenium-screenshot-33.png" width="800px"&gt;&lt;/a&gt;</msg>
<msg time="2026-03-21T05:12:25.602223" level="FAIL">Page should have contained text 'Promocode ผิด' but did not.</msg>
<arg>${expexted_message}</arg>
<doc>Verifies that current page contains ``text``.</doc>
<status status="FAIL" start="2026-03-21T05:12:25.505121" elapsed="0.097571">Page should have contained text 'Promocode ผิด' but did not.</status>
</kw>
<kw name="Page Should Contain" owner="SeleniumLibrary">
<msg time="2026-03-21T05:12:27.682966" level="INFO" html="true">&lt;/td&gt;&lt;/tr&gt;&lt;tr&gt;&lt;td colspan="3"&gt;&lt;a href="selenium-screenshot-34.png"&gt;&lt;img src="selenium-screenshot-34.png" width="800px"&gt;&lt;/a&gt;</msg>
<msg time="2026-03-21T05:12:27.683117" level="FAIL">Page should have contained text 'Promocode ผิด' but did not.</msg>
<arg>${expexted_message}</arg>
<doc>Verifies that current page contains ``text``.</doc>
<status status="FAIL" start="2026-03-21T05:12:27.603119" elapsed="0.080623">Page should have contained text 'Promocode ผิด' but did not.</status>
</kw>
<kw name="Page Should Contain" owner="SeleniumLibrary">
<msg time="2026-03-21T05:12:29.769633" level="INFO" html="true">&lt;/td&gt;&lt;/tr&gt;&lt;tr&gt;&lt;td colspan="3"&gt;&lt;a href="selenium-screenshot-35.png"&gt;&lt;img src="selenium-screenshot-35.png" width="800px"&gt;&lt;/a&gt;</msg>
<msg time="2026-03-21T05:12:29.769812" level="FAIL">Page should have contained text 'Promocode ผิด' but did not.</msg>
<arg>${expexted_message}</arg>
<doc>Verifies that current page contains ``text``.</doc>
<status status="FAIL" start="2026-03-21T05:12:29.684296" elapsed="0.086262">Page should have contained text 'Promocode ผิด' but did not.</status>
</kw>
<kw name="Page Should Contain" owner="SeleniumLibrary">
<msg time="2026-03-21T05:12:31.859435" level="INFO" html="true">&lt;/td&gt;&lt;/tr&gt;&lt;tr&gt;&lt;td colspan="3"&gt;&lt;a href="selenium-screenshot-36.png"&gt;&lt;img src="selenium-screenshot-36.png" width="800px"&gt;&lt;/a&gt;</msg>
<msg time="2026-03-21T05:12:31.859618" level="FAIL">Page should have contained text 'Promocode ผิด' but did not.</msg>
<arg>${expexted_message}</arg>
<doc>Verifies that current page contains ``text``.</doc>
<status status="FAIL" start="2026-03-21T05:12:31.771109" elapsed="0.089339">Page should have contained text 'Promocode ผิด' but did not.</status>
</kw>
<kw name="Page Should Contain" owner="SeleniumLibrary">
<msg time="2026-03-21T05:12:33.915228" level="INFO" html="true">&lt;/td&gt;&lt;/tr&gt;&lt;tr&gt;&lt;td colspan="3"&gt;&lt;a href="selenium-screenshot-37.png"&gt;&lt;img src="selenium-screenshot-37.png" width="800px"&gt;&lt;/a&gt;</msg>
<msg time="2026-03-21T05:12:33.915356" level="FAIL">Page should have contained text 'Promocode ผิด' but did not.</msg>
<arg>${expexted_message}</arg>
<doc>Verifies that current page contains ``text``.</doc>
<status status="FAIL" start="2026-03-21T05:12:33.861093" elapsed="0.054736">Page should have contained text 'Promocode ผิด' but did not.</status>
</kw>
<msg time="2026-03-21T05:12:33.915930" level="FAIL">Keyword 'Page Should Contain' failed after retrying 5 times. The last error was: Page should have contained text 'Promocode ผิด' but did not.</msg>
<arg>5x</arg>
<arg>2s</arg>
<arg>Page Should Contain</arg>
<arg>${expexted_message}</arg>
<doc>Runs the specified keyword and retries if it fails.</doc>
<status status="FAIL" start="2026-03-21T05:12:25.504834" elapsed="8.411467">Keyword 'Page Should Contain' failed after retrying 5 times. The last error was: Page should have contained text 'Promocode ผิด' but did not.</status>
</kw>
<arg>${expexted_message}</arg>
<status status="FAIL" start="2026-03-21T05:12:25.504645" elapsed="8.411757">Keyword 'Page Should Contain' failed after retrying 5 times. The last error was: Page should have contained text 'Promocode ผิด' but did not.</status>
</kw>
<status status="FAIL" start="2026-03-21T05:12:25.504404" elapsed="8.412054">Keyword 'Page Should Contain' failed after retrying 5 times. The last error was: Page should have contained text 'Promocode ผิด' but did not.</status>
</kw>
<doc>ตรวจสอบการสมัครสมาชิกด้วยPromocodeที่ผิด</doc>
<status status="FAIL" start="2026-03-21T05:12:18.411666" elapsed="15.505043">Keyword 'Page Should Contain' failed after retrying 5 times. The last error was: Page should have contained text 'Promocode ผิด' but did not.</status>
</test>
<kw name="Close Browser" owner="SeleniumLibrary" type="TEARDOWN">
<doc>Closes the current browser.</doc>
<status status="PASS" start="2026-03-21T05:12:33.917354" elapsed="2.310040"/>
</kw>
<status status="FAIL" start="2026-03-21T05:10:20.827685" elapsed="135.399974"/>
</suite>
<statistics>
<total>
<stat pass="4" fail="4" skip="0">All Tests</stat>
</total>
<tag>
</tag>
<suite>
<stat name="RegisterTestcase" id="s1" pass="4" fail="4" skip="0">RegisterTestcase</stat>
</suite>
</statistics>
<errors>
</errors>
</robot>
